<testsuite failures="13"
           name="com/egov/core-services/tests/userProfileUpdate.feature"
           skipped="0"
           tests="13"
           time="2.408073">
   <testcase classname="com.egov.core-services.tests.userProfileUpdate"
             name="To verify user profile data is updating correctly"
             time="0.148864">
      <failure message="-unknown-:5 - &#xA;authenticationToken.feature:88 - status code was: 400, expected: 200, response time: 120, url: https://qa.digit.org/user/oauth/token, response: {&#34;error_description&#34;:&#34;Account locked&#34;,&#34;error&#34;:&#34;invalid_request&#34;}">* def jsUtils = read('classpath:com/egov/utils/jsUtils.js') ............... passed
* call read('../../common-services/pretests/authenticationToken.feature@authTokenCounterEmployee') . failed

Stack Trace:
com.intuit.karate.exception.KarateException: -unknown-:5 - 
authenticationToken.feature:88 - status code was: 400, expected: 200, response time: 120, url: https://qa.digit.org/user/oauth/token, response: {"error_description":"Account locked","error":"invalid_request"}
	at ✽.* call read('../../common-services/pretests/authenticationToken.feature@authTokenCounterEmployee') (-unknown-:5)

* def code = counterEmployeeUsername ...................................... skipped
* call read('../../business-services/pretest/egovHrmsPretest.feature@searchEmployeeSuccessfullyWithMultipleEmployeeCodes') . skipped
* def profilePayload = read('../../core-services/requestPayload/user/update/updateUser.json') . skipped
* def errorMessage = read("../../core-services/constants/user.yaml") ...... skipped
* def genericError = read("../../common-services/constants/genericConstants.yaml") . skipped
* def username = ranString(10) ............................................ skipped
* def email = ranString(5)+'@auto.com' .................................... skipped
* def city = tenantId.split(".")[0] ....................................... skipped
* def randomMobileNo = '9'+ randomMobileNumGen(9) ......................... skipped
* def invalidGender = randomNumber(3) ..................................... skipped
* eval profilePayload.user = hrmsResponseBody.Employees[0].user ........... skipped
* set profilePayload.user.name = username ................................. skipped
* set profilePayload.user.emailId = email ................................. skipped
* set profilePayload.user.correspondenceCity = city ....................... skipped
* call read('../../core-services/pretests/eGovUserUpdatePretest.feature@updateUserProfile') . skipped
* call read('../../business-services/pretest/egovHrmsPretest.feature@searchEmployeeSuccessfullyWithMultipleEmployeeCodes') . skipped
* assert hrmsResponseBody.Employees[0].user.name == username .............. skipped
* assert hrmsResponseBody.Employees[0].user.emailId == email .............. skipped
* assert hrmsResponseBody.Employees[0].user.correspondenceCity == city .... skipped</failure>
   </testcase>
   <testcase classname="com.egov.core-services.tests.userProfileUpdate"
             name="Update existing user profile with all valid parameters"
             time="0.136995">
      <failure message="-unknown-:5 - &#xA;authenticationToken.feature:88 - status code was: 400, expected: 200, response time: 119, url: https://qa.digit.org/user/oauth/token, response: {&#34;error_description&#34;:&#34;Account locked&#34;,&#34;error&#34;:&#34;invalid_request&#34;}">* def jsUtils = read('classpath:com/egov/utils/jsUtils.js') ............... passed
* call read('../../common-services/pretests/authenticationToken.feature@authTokenCounterEmployee') . failed

Stack Trace:
com.intuit.karate.exception.KarateException: -unknown-:5 - 
authenticationToken.feature:88 - status code was: 400, expected: 200, response time: 120, url: https://qa.digit.org/user/oauth/token, response: {"error_description":"Account locked","error":"invalid_request"}
	at ✽.* call read('../../common-services/pretests/authenticationToken.feature@authTokenCounterEmployee') (-unknown-:5)

* def code = counterEmployeeUsername ...................................... skipped
* call read('../../business-services/pretest/egovHrmsPretest.feature@searchEmployeeSuccessfullyWithMultipleEmployeeCodes') . skipped
* def profilePayload = read('../../core-services/requestPayload/user/update/updateUser.json') . skipped
* def errorMessage = read("../../core-services/constants/user.yaml") ...... skipped
* def genericError = read("../../common-services/constants/genericConstants.yaml") . skipped
* def username = ranString(10) ............................................ skipped
* def email = ranString(5)+'@auto.com' .................................... skipped
* def city = tenantId.split(".")[0] ....................................... skipped
* def randomMobileNo = '9'+ randomMobileNumGen(9) ......................... skipped
* def invalidGender = randomNumber(3) ..................................... skipped
* eval profilePayload.user = hrmsResponseBody.Employees[0].user ........... skipped
* set profilePayload.user.name = username ................................. skipped
* set profilePayload.user.emailId = email ................................. skipped
* set profilePayload.user.correspondenceCity = city ....................... skipped
* call read('../../core-services/pretests/eGovUserUpdatePretest.feature@updateUserProfile') . skipped
* call read('../../business-services/pretest/egovHrmsPretest.feature@searchEmployeeSuccessfullyWithMultipleEmployeeCodes') . skipped
* assert hrmsResponseBody.Employees[0].user.name == username .............. skipped
* assert hrmsResponseBody.Employees[0].user.emailId == email .............. skipped
* assert hrmsResponseBody.Employees[0].user.correspondenceCity == city .... skipped
* def jsUtils = read('classpath:com/egov/utils/jsUtils.js') ............... passed
* call read('../../common-services/pretests/authenticationToken.feature@authTokenCounterEmployee') . failed

Stack Trace:
com.intuit.karate.exception.KarateException: -unknown-:5 - 
authenticationToken.feature:88 - status code was: 400, expected: 200, response time: 119, url: https://qa.digit.org/user/oauth/token, response: {"error_description":"Account locked","error":"invalid_request"}
	at ✽.* call read('../../common-services/pretests/authenticationToken.feature@authTokenCounterEmployee') (-unknown-:5)

* def code = counterEmployeeUsername ...................................... skipped
* call read('../../business-services/pretest/egovHrmsPretest.feature@searchEmployeeSuccessfullyWithMultipleEmployeeCodes') . skipped
* def profilePayload = read('../../core-services/requestPayload/user/update/updateUser.json') . skipped
* def errorMessage = read("../../core-services/constants/user.yaml") ...... skipped
* def genericError = read("../../common-services/constants/genericConstants.yaml") . skipped
* def username = ranString(10) ............................................ skipped
* def email = ranString(5)+'@auto.com' .................................... skipped
* def city = tenantId.split(".")[0] ....................................... skipped
* def randomMobileNo = '9'+ randomMobileNumGen(9) ......................... skipped
* def invalidGender = randomNumber(3) ..................................... skipped
* eval profilePayload.user = hrmsResponseBody.Employees[0].user ........... skipped
* call read('../../core-services/pretests/eGovUserUpdatePretest.feature@updateUserProfile') . skipped
* assert hrmsResponseBody.Employees.size() &gt; 0 ............................ skipped</failure>
   </testcase>
   <testcase classname="com.egov.core-services.tests.userProfileUpdate"
             name="To verify the error message returned by API when an invalid username is passed"
             time="0.175771">
      <failure message="-unknown-:5 - &#xA;authenticationToken.feature:88 - status code was: 400, expected: 200, response time: 158, url: https://qa.digit.org/user/oauth/token, response: {&#34;error_description&#34;:&#34;Account locked&#34;,&#34;error&#34;:&#34;invalid_request&#34;}">* def jsUtils = read('classpath:com/egov/utils/jsUtils.js') ............... passed
* call read('../../common-services/pretests/authenticationToken.feature@authTokenCounterEmployee') . failed

Stack Trace:
com.intuit.karate.exception.KarateException: -unknown-:5 - 
authenticationToken.feature:88 - status code was: 400, expected: 200, response time: 120, url: https://qa.digit.org/user/oauth/token, response: {"error_description":"Account locked","error":"invalid_request"}
	at ✽.* call read('../../common-services/pretests/authenticationToken.feature@authTokenCounterEmployee') (-unknown-:5)

* def code = counterEmployeeUsername ...................................... skipped
* call read('../../business-services/pretest/egovHrmsPretest.feature@searchEmployeeSuccessfullyWithMultipleEmployeeCodes') . skipped
* def profilePayload = read('../../core-services/requestPayload/user/update/updateUser.json') . skipped
* def errorMessage = read("../../core-services/constants/user.yaml") ...... skipped
* def genericError = read("../../common-services/constants/genericConstants.yaml") . skipped
* def username = ranString(10) ............................................ skipped
* def email = ranString(5)+'@auto.com' .................................... skipped
* def city = tenantId.split(".")[0] ....................................... skipped
* def randomMobileNo = '9'+ randomMobileNumGen(9) ......................... skipped
* def invalidGender = randomNumber(3) ..................................... skipped
* eval profilePayload.user = hrmsResponseBody.Employees[0].user ........... skipped
* set profilePayload.user.name = username ................................. skipped
* set profilePayload.user.emailId = email ................................. skipped
* set profilePayload.user.correspondenceCity = city ....................... skipped
* call read('../../core-services/pretests/eGovUserUpdatePretest.feature@updateUserProfile') . skipped
* call read('../../business-services/pretest/egovHrmsPretest.feature@searchEmployeeSuccessfullyWithMultipleEmployeeCodes') . skipped
* assert hrmsResponseBody.Employees[0].user.name == username .............. skipped
* assert hrmsResponseBody.Employees[0].user.emailId == email .............. skipped
* assert hrmsResponseBody.Employees[0].user.correspondenceCity == city .... skipped
* def jsUtils = read('classpath:com/egov/utils/jsUtils.js') ............... passed
* call read('../../common-services/pretests/authenticationToken.feature@authTokenCounterEmployee') . failed

Stack Trace:
com.intuit.karate.exception.KarateException: -unknown-:5 - 
authenticationToken.feature:88 - status code was: 400, expected: 200, response time: 119, url: https://qa.digit.org/user/oauth/token, response: {"error_description":"Account locked","error":"invalid_request"}
	at ✽.* call read('../../common-services/pretests/authenticationToken.feature@authTokenCounterEmployee') (-unknown-:5)

* def code = counterEmployeeUsername ...................................... skipped
* call read('../../business-services/pretest/egovHrmsPretest.feature@searchEmployeeSuccessfullyWithMultipleEmployeeCodes') . skipped
* def profilePayload = read('../../core-services/requestPayload/user/update/updateUser.json') . skipped
* def errorMessage = read("../../core-services/constants/user.yaml") ...... skipped
* def genericError = read("../../common-services/constants/genericConstants.yaml") . skipped
* def username = ranString(10) ............................................ skipped
* def email = ranString(5)+'@auto.com' .................................... skipped
* def city = tenantId.split(".")[0] ....................................... skipped
* def randomMobileNo = '9'+ randomMobileNumGen(9) ......................... skipped
* def invalidGender = randomNumber(3) ..................................... skipped
* eval profilePayload.user = hrmsResponseBody.Employees[0].user ........... skipped
* call read('../../core-services/pretests/eGovUserUpdatePretest.feature@updateUserProfile') . skipped
* assert hrmsResponseBody.Employees.size() &gt; 0 ............................ skipped
* def jsUtils = read('classpath:com/egov/utils/jsUtils.js') ............... passed
* call read('../../common-services/pretests/authenticationToken.feature@authTokenCounterEmployee') . failed

Stack Trace:
com.intuit.karate.exception.KarateException: -unknown-:5 - 
authenticationToken.feature:88 - status code was: 400, expected: 200, response time: 158, url: https://qa.digit.org/user/oauth/token, response: {"error_description":"Account locked","error":"invalid_request"}
	at ✽.* call read('../../common-services/pretests/authenticationToken.feature@authTokenCounterEmployee') (-unknown-:5)

* def code = counterEmployeeUsername ...................................... skipped
* call read('../../business-services/pretest/egovHrmsPretest.feature@searchEmployeeSuccessfullyWithMultipleEmployeeCodes') . skipped
* def profilePayload = read('../../core-services/requestPayload/user/update/updateUser.json') . skipped
* def errorMessage = read("../../core-services/constants/user.yaml") ...... skipped
* def genericError = read("../../common-services/constants/genericConstants.yaml") . skipped
* def username = ranString(10) ............................................ skipped
* def email = ranString(5)+'@auto.com' .................................... skipped
* def city = tenantId.split(".")[0] ....................................... skipped
* def randomMobileNo = '9'+ randomMobileNumGen(9) ......................... skipped
* def invalidGender = randomNumber(3) ..................................... skipped
* eval profilePayload.user = hrmsResponseBody.Employees[0].user ........... skipped
* set profilePayload.user.name = username+'@automation!' .................. skipped
* call read('../../core-services/pretests/eGovUserUpdatePretest.feature@errorInUpdateUserProfile') . skipped
* assert updatedUserprofileResponseBody.Errors[0].message == errorMessage.errormessages.invalidUserName . skipped</failure>
   </testcase>
   <testcase classname="com.egov.core-services.tests.userProfileUpdate"
             name="To verify the error message returned by API when an invalid emailid is passed"
             time="0.149608">
      <failure message="-unknown-:5 - &#xA;authenticationToken.feature:88 - status code was: 400, expected: 200, response time: 131, url: https://qa.digit.org/user/oauth/token, response: {&#34;error_description&#34;:&#34;Account locked&#34;,&#34;error&#34;:&#34;invalid_request&#34;}">* def jsUtils = read('classpath:com/egov/utils/jsUtils.js') ............... passed
* call read('../../common-services/pretests/authenticationToken.feature@authTokenCounterEmployee') . failed

Stack Trace:
com.intuit.karate.exception.KarateException: -unknown-:5 - 
authenticationToken.feature:88 - status code was: 400, expected: 200, response time: 120, url: https://qa.digit.org/user/oauth/token, response: {"error_description":"Account locked","error":"invalid_request"}
	at ✽.* call read('../../common-services/pretests/authenticationToken.feature@authTokenCounterEmployee') (-unknown-:5)

* def code = counterEmployeeUsername ...................................... skipped
* call read('../../business-services/pretest/egovHrmsPretest.feature@searchEmployeeSuccessfullyWithMultipleEmployeeCodes') . skipped
* def profilePayload = read('../../core-services/requestPayload/user/update/updateUser.json') . skipped
* def errorMessage = read("../../core-services/constants/user.yaml") ...... skipped
* def genericError = read("../../common-services/constants/genericConstants.yaml") . skipped
* def username = ranString(10) ............................................ skipped
* def email = ranString(5)+'@auto.com' .................................... skipped
* def city = tenantId.split(".")[0] ....................................... skipped
* def randomMobileNo = '9'+ randomMobileNumGen(9) ......................... skipped
* def invalidGender = randomNumber(3) ..................................... skipped
* eval profilePayload.user = hrmsResponseBody.Employees[0].user ........... skipped
* set profilePayload.user.name = username ................................. skipped
* set profilePayload.user.emailId = email ................................. skipped
* set profilePayload.user.correspondenceCity = city ....................... skipped
* call read('../../core-services/pretests/eGovUserUpdatePretest.feature@updateUserProfile') . skipped
* call read('../../business-services/pretest/egovHrmsPretest.feature@searchEmployeeSuccessfullyWithMultipleEmployeeCodes') . skipped
* assert hrmsResponseBody.Employees[0].user.name == username .............. skipped
* assert hrmsResponseBody.Employees[0].user.emailId == email .............. skipped
* assert hrmsResponseBody.Employees[0].user.correspondenceCity == city .... skipped
* def jsUtils = read('classpath:com/egov/utils/jsUtils.js') ............... passed
* call read('../../common-services/pretests/authenticationToken.feature@authTokenCounterEmployee') . failed

Stack Trace:
com.intuit.karate.exception.KarateException: -unknown-:5 - 
authenticationToken.feature:88 - status code was: 400, expected: 200, response time: 119, url: https://qa.digit.org/user/oauth/token, response: {"error_description":"Account locked","error":"invalid_request"}
	at ✽.* call read('../../common-services/pretests/authenticationToken.feature@authTokenCounterEmployee') (-unknown-:5)

* def code = counterEmployeeUsername ...................................... skipped
* call read('../../business-services/pretest/egovHrmsPretest.feature@searchEmployeeSuccessfullyWithMultipleEmployeeCodes') . skipped
* def profilePayload = read('../../core-services/requestPayload/user/update/updateUser.json') . skipped
* def errorMessage = read("../../core-services/constants/user.yaml") ...... skipped
* def genericError = read("../../common-services/constants/genericConstants.yaml") . skipped
* def username = ranString(10) ............................................ skipped
* def email = ranString(5)+'@auto.com' .................................... skipped
* def city = tenantId.split(".")[0] ....................................... skipped
* def randomMobileNo = '9'+ randomMobileNumGen(9) ......................... skipped
* def invalidGender = randomNumber(3) ..................................... skipped
* eval profilePayload.user = hrmsResponseBody.Employees[0].user ........... skipped
* call read('../../core-services/pretests/eGovUserUpdatePretest.feature@updateUserProfile') . skipped
* assert hrmsResponseBody.Employees.size() &gt; 0 ............................ skipped
* def jsUtils = read('classpath:com/egov/utils/jsUtils.js') ............... passed
* call read('../../common-services/pretests/authenticationToken.feature@authTokenCounterEmployee') . failed

Stack Trace:
com.intuit.karate.exception.KarateException: -unknown-:5 - 
authenticationToken.feature:88 - status code was: 400, expected: 200, response time: 158, url: https://qa.digit.org/user/oauth/token, response: {"error_description":"Account locked","error":"invalid_request"}
	at ✽.* call read('../../common-services/pretests/authenticationToken.feature@authTokenCounterEmployee') (-unknown-:5)

* def code = counterEmployeeUsername ...................................... skipped
* call read('../../business-services/pretest/egovHrmsPretest.feature@searchEmployeeSuccessfullyWithMultipleEmployeeCodes') . skipped
* def profilePayload = read('../../core-services/requestPayload/user/update/updateUser.json') . skipped
* def errorMessage = read("../../core-services/constants/user.yaml") ...... skipped
* def genericError = read("../../common-services/constants/genericConstants.yaml") . skipped
* def username = ranString(10) ............................................ skipped
* def email = ranString(5)+'@auto.com' .................................... skipped
* def city = tenantId.split(".")[0] ....................................... skipped
* def randomMobileNo = '9'+ randomMobileNumGen(9) ......................... skipped
* def invalidGender = randomNumber(3) ..................................... skipped
* eval profilePayload.user = hrmsResponseBody.Employees[0].user ........... skipped
* set profilePayload.user.name = username+'@automation!' .................. skipped
* call read('../../core-services/pretests/eGovUserUpdatePretest.feature@errorInUpdateUserProfile') . skipped
* assert updatedUserprofileResponseBody.Errors[0].message == errorMessage.errormessages.invalidUserName . skipped
* def jsUtils = read('classpath:com/egov/utils/jsUtils.js') ............... passed
* call read('../../common-services/pretests/authenticationToken.feature@authTokenCounterEmployee') . failed

Stack Trace:
com.intuit.karate.exception.KarateException: -unknown-:5 - 
authenticationToken.feature:88 - status code was: 400, expected: 200, response time: 131, url: https://qa.digit.org/user/oauth/token, response: {"error_description":"Account locked","error":"invalid_request"}
	at ✽.* call read('../../common-services/pretests/authenticationToken.feature@authTokenCounterEmployee') (-unknown-:5)

* def code = counterEmployeeUsername ...................................... skipped
* call read('../../business-services/pretest/egovHrmsPretest.feature@searchEmployeeSuccessfullyWithMultipleEmployeeCodes') . skipped
* def profilePayload = read('../../core-services/requestPayload/user/update/updateUser.json') . skipped
* def errorMessage = read("../../core-services/constants/user.yaml") ...... skipped
* def genericError = read("../../common-services/constants/genericConstants.yaml") . skipped
* def username = ranString(10) ............................................ skipped
* def email = ranString(5)+'@auto.com' .................................... skipped
* def city = tenantId.split(".")[0] ....................................... skipped
* def randomMobileNo = '9'+ randomMobileNumGen(9) ......................... skipped
* def invalidGender = randomNumber(3) ..................................... skipped
* eval profilePayload.user = hrmsResponseBody.Employees[0].user ........... skipped
* set profilePayload.user.emailId = username .............................. skipped
* call read('../../core-services/pretests/eGovUserUpdatePretest.feature@errorInUpdateUserProfile') . skipped
* assert updatedUserprofileResponseBody.Errors[0].message == errorMessage.errormessages.invalidEmail . skipped</failure>
   </testcase>
   <testcase classname="com.egov.core-services.tests.userProfileUpdate"
             name="To verify the error message returned by API when an invalid phone number is passed"
             time="0.522896">
      <failure message="-unknown-:5 - &#xA;authenticationToken.feature:88 - status code was: 400, expected: 200, response time: 145, url: https://qa.digit.org/user/oauth/token, response: {&#34;error_description&#34;:&#34;Account locked&#34;,&#34;error&#34;:&#34;invalid_request&#34;}">* def jsUtils = read('classpath:com/egov/utils/jsUtils.js') ............... passed
* call read('../../common-services/pretests/authenticationToken.feature@authTokenCounterEmployee') . failed

Stack Trace:
com.intuit.karate.exception.KarateException: -unknown-:5 - 
authenticationToken.feature:88 - status code was: 400, expected: 200, response time: 120, url: https://qa.digit.org/user/oauth/token, response: {"error_description":"Account locked","error":"invalid_request"}
	at ✽.* call read('../../common-services/pretests/authenticationToken.feature@authTokenCounterEmployee') (-unknown-:5)

* def code = counterEmployeeUsername ...................................... skipped
* call read('../../business-services/pretest/egovHrmsPretest.feature@searchEmployeeSuccessfullyWithMultipleEmployeeCodes') . skipped
* def profilePayload = read('../../core-services/requestPayload/user/update/updateUser.json') . skipped
* def errorMessage = read("../../core-services/constants/user.yaml") ...... skipped
* def genericError = read("../../common-services/constants/genericConstants.yaml") . skipped
* def username = ranString(10) ............................................ skipped
* def email = ranString(5)+'@auto.com' .................................... skipped
* def city = tenantId.split(".")[0] ....................................... skipped
* def randomMobileNo = '9'+ randomMobileNumGen(9) ......................... skipped
* def invalidGender = randomNumber(3) ..................................... skipped
* eval profilePayload.user = hrmsResponseBody.Employees[0].user ........... skipped
* set profilePayload.user.name = username ................................. skipped
* set profilePayload.user.emailId = email ................................. skipped
* set profilePayload.user.correspondenceCity = city ....................... skipped
* call read('../../core-services/pretests/eGovUserUpdatePretest.feature@updateUserProfile') . skipped
* call read('../../business-services/pretest/egovHrmsPretest.feature@searchEmployeeSuccessfullyWithMultipleEmployeeCodes') . skipped
* assert hrmsResponseBody.Employees[0].user.name == username .............. skipped
* assert hrmsResponseBody.Employees[0].user.emailId == email .............. skipped
* assert hrmsResponseBody.Employees[0].user.correspondenceCity == city .... skipped
* def jsUtils = read('classpath:com/egov/utils/jsUtils.js') ............... passed
* call read('../../common-services/pretests/authenticationToken.feature@authTokenCounterEmployee') . failed

Stack Trace:
com.intuit.karate.exception.KarateException: -unknown-:5 - 
authenticationToken.feature:88 - status code was: 400, expected: 200, response time: 119, url: https://qa.digit.org/user/oauth/token, response: {"error_description":"Account locked","error":"invalid_request"}
	at ✽.* call read('../../common-services/pretests/authenticationToken.feature@authTokenCounterEmployee') (-unknown-:5)

* def code = counterEmployeeUsername ...................................... skipped
* call read('../../business-services/pretest/egovHrmsPretest.feature@searchEmployeeSuccessfullyWithMultipleEmployeeCodes') . skipped
* def profilePayload = read('../../core-services/requestPayload/user/update/updateUser.json') . skipped
* def errorMessage = read("../../core-services/constants/user.yaml") ...... skipped
* def genericError = read("../../common-services/constants/genericConstants.yaml") . skipped
* def username = ranString(10) ............................................ skipped
* def email = ranString(5)+'@auto.com' .................................... skipped
* def city = tenantId.split(".")[0] ....................................... skipped
* def randomMobileNo = '9'+ randomMobileNumGen(9) ......................... skipped
* def invalidGender = randomNumber(3) ..................................... skipped
* eval profilePayload.user = hrmsResponseBody.Employees[0].user ........... skipped
* call read('../../core-services/pretests/eGovUserUpdatePretest.feature@updateUserProfile') . skipped
* assert hrmsResponseBody.Employees.size() &gt; 0 ............................ skipped
* def jsUtils = read('classpath:com/egov/utils/jsUtils.js') ............... passed
* call read('../../common-services/pretests/authenticationToken.feature@authTokenCounterEmployee') . failed

Stack Trace:
com.intuit.karate.exception.KarateException: -unknown-:5 - 
authenticationToken.feature:88 - status code was: 400, expected: 200, response time: 158, url: https://qa.digit.org/user/oauth/token, response: {"error_description":"Account locked","error":"invalid_request"}
	at ✽.* call read('../../common-services/pretests/authenticationToken.feature@authTokenCounterEmployee') (-unknown-:5)

* def code = counterEmployeeUsername ...................................... skipped
* call read('../../business-services/pretest/egovHrmsPretest.feature@searchEmployeeSuccessfullyWithMultipleEmployeeCodes') . skipped
* def profilePayload = read('../../core-services/requestPayload/user/update/updateUser.json') . skipped
* def errorMessage = read("../../core-services/constants/user.yaml") ...... skipped
* def genericError = read("../../common-services/constants/genericConstants.yaml") . skipped
* def username = ranString(10) ............................................ skipped
* def email = ranString(5)+'@auto.com' .................................... skipped
* def city = tenantId.split(".")[0] ....................................... skipped
* def randomMobileNo = '9'+ randomMobileNumGen(9) ......................... skipped
* def invalidGender = randomNumber(3) ..................................... skipped
* eval profilePayload.user = hrmsResponseBody.Employees[0].user ........... skipped
* set profilePayload.user.name = username+'@automation!' .................. skipped
* call read('../../core-services/pretests/eGovUserUpdatePretest.feature@errorInUpdateUserProfile') . skipped
* assert updatedUserprofileResponseBody.Errors[0].message == errorMessage.errormessages.invalidUserName . skipped
* def jsUtils = read('classpath:com/egov/utils/jsUtils.js') ............... passed
* call read('../../common-services/pretests/authenticationToken.feature@authTokenCounterEmployee') . failed

Stack Trace:
com.intuit.karate.exception.KarateException: -unknown-:5 - 
authenticationToken.feature:88 - status code was: 400, expected: 200, response time: 131, url: https://qa.digit.org/user/oauth/token, response: {"error_description":"Account locked","error":"invalid_request"}
	at ✽.* call read('../../common-services/pretests/authenticationToken.feature@authTokenCounterEmployee') (-unknown-:5)

* def code = counterEmployeeUsername ...................................... skipped
* call read('../../business-services/pretest/egovHrmsPretest.feature@searchEmployeeSuccessfullyWithMultipleEmployeeCodes') . skipped
* def profilePayload = read('../../core-services/requestPayload/user/update/updateUser.json') . skipped
* def errorMessage = read("../../core-services/constants/user.yaml") ...... skipped
* def genericError = read("../../common-services/constants/genericConstants.yaml") . skipped
* def username = ranString(10) ............................................ skipped
* def email = ranString(5)+'@auto.com' .................................... skipped
* def city = tenantId.split(".")[0] ....................................... skipped
* def randomMobileNo = '9'+ randomMobileNumGen(9) ......................... skipped
* def invalidGender = randomNumber(3) ..................................... skipped
* eval profilePayload.user = hrmsResponseBody.Employees[0].user ........... skipped
* set profilePayload.user.emailId = username .............................. skipped
* call read('../../core-services/pretests/eGovUserUpdatePretest.feature@errorInUpdateUserProfile') . skipped
* assert updatedUserprofileResponseBody.Errors[0].message == errorMessage.errormessages.invalidEmail . skipped
* def jsUtils = read('classpath:com/egov/utils/jsUtils.js') ............... passed
* call read('../../common-services/pretests/authenticationToken.feature@authTokenCounterEmployee') . failed

Stack Trace:
com.intuit.karate.exception.KarateException: -unknown-:5 - 
authenticationToken.feature:88 - status code was: 400, expected: 200, response time: 145, url: https://qa.digit.org/user/oauth/token, response: {"error_description":"Account locked","error":"invalid_request"}
	at ✽.* call read('../../common-services/pretests/authenticationToken.feature@authTokenCounterEmployee') (-unknown-:5)

* def code = counterEmployeeUsername ...................................... skipped
* call read('../../business-services/pretest/egovHrmsPretest.feature@searchEmployeeSuccessfullyWithMultipleEmployeeCodes') . skipped
* def profilePayload = read('../../core-services/requestPayload/user/update/updateUser.json') . skipped
* def errorMessage = read("../../core-services/constants/user.yaml") ...... skipped
* def genericError = read("../../common-services/constants/genericConstants.yaml") . skipped
* def username = ranString(10) ............................................ skipped
* def email = ranString(5)+'@auto.com' .................................... skipped
* def city = tenantId.split(".")[0] ....................................... skipped
* def randomMobileNo = '9'+ randomMobileNumGen(9) ......................... skipped
* def invalidGender = randomNumber(3) ..................................... skipped
* eval profilePayload.user = hrmsResponseBody.Employees[0].user ........... skipped
* set profilePayload.user.mobileNumber = randomMobileNumGen(10) ........... skipped
* call read('../../core-services/pretests/eGovUserUpdatePretest.feature@errorInUpdateUserProfile') . skipped
* assert updatedUserprofileResponseBody.Errors[0].message == errorMessage.errormessages.invalidPhoneNumber . skipped</failure>
   </testcase>
   <testcase classname="com.egov.core-services.tests.userProfileUpdate"
             name="To verify the phone number is not get updated even though it is valid"
             time="0.146811">
      <failure message="-unknown-:5 - &#xA;authenticationToken.feature:88 - status code was: 400, expected: 200, response time: 128, url: https://qa.digit.org/user/oauth/token, response: {&#34;error_description&#34;:&#34;Account locked&#34;,&#34;error&#34;:&#34;invalid_request&#34;}">* def jsUtils = read('classpath:com/egov/utils/jsUtils.js') ............... passed
* call read('../../common-services/pretests/authenticationToken.feature@authTokenCounterEmployee') . failed

Stack Trace:
com.intuit.karate.exception.KarateException: -unknown-:5 - 
authenticationToken.feature:88 - status code was: 400, expected: 200, response time: 120, url: https://qa.digit.org/user/oauth/token, response: {"error_description":"Account locked","error":"invalid_request"}
	at ✽.* call read('../../common-services/pretests/authenticationToken.feature@authTokenCounterEmployee') (-unknown-:5)

* def code = counterEmployeeUsername ...................................... skipped
* call read('../../business-services/pretest/egovHrmsPretest.feature@searchEmployeeSuccessfullyWithMultipleEmployeeCodes') . skipped
* def profilePayload = read('../../core-services/requestPayload/user/update/updateUser.json') . skipped
* def errorMessage = read("../../core-services/constants/user.yaml") ...... skipped
* def genericError = read("../../common-services/constants/genericConstants.yaml") . skipped
* def username = ranString(10) ............................................ skipped
* def email = ranString(5)+'@auto.com' .................................... skipped
* def city = tenantId.split(".")[0] ....................................... skipped
* def randomMobileNo = '9'+ randomMobileNumGen(9) ......................... skipped
* def invalidGender = randomNumber(3) ..................................... skipped
* eval profilePayload.user = hrmsResponseBody.Employees[0].user ........... skipped
* set profilePayload.user.name = username ................................. skipped
* set profilePayload.user.emailId = email ................................. skipped
* set profilePayload.user.correspondenceCity = city ....................... skipped
* call read('../../core-services/pretests/eGovUserUpdatePretest.feature@updateUserProfile') . skipped
* call read('../../business-services/pretest/egovHrmsPretest.feature@searchEmployeeSuccessfullyWithMultipleEmployeeCodes') . skipped
* assert hrmsResponseBody.Employees[0].user.name == username .............. skipped
* assert hrmsResponseBody.Employees[0].user.emailId == email .............. skipped
* assert hrmsResponseBody.Employees[0].user.correspondenceCity == city .... skipped
* def jsUtils = read('classpath:com/egov/utils/jsUtils.js') ............... passed
* call read('../../common-services/pretests/authenticationToken.feature@authTokenCounterEmployee') . failed

Stack Trace:
com.intuit.karate.exception.KarateException: -unknown-:5 - 
authenticationToken.feature:88 - status code was: 400, expected: 200, response time: 119, url: https://qa.digit.org/user/oauth/token, response: {"error_description":"Account locked","error":"invalid_request"}
	at ✽.* call read('../../common-services/pretests/authenticationToken.feature@authTokenCounterEmployee') (-unknown-:5)

* def code = counterEmployeeUsername ...................................... skipped
* call read('../../business-services/pretest/egovHrmsPretest.feature@searchEmployeeSuccessfullyWithMultipleEmployeeCodes') . skipped
* def profilePayload = read('../../core-services/requestPayload/user/update/updateUser.json') . skipped
* def errorMessage = read("../../core-services/constants/user.yaml") ...... skipped
* def genericError = read("../../common-services/constants/genericConstants.yaml") . skipped
* def username = ranString(10) ............................................ skipped
* def email = ranString(5)+'@auto.com' .................................... skipped
* def city = tenantId.split(".")[0] ....................................... skipped
* def randomMobileNo = '9'+ randomMobileNumGen(9) ......................... skipped
* def invalidGender = randomNumber(3) ..................................... skipped
* eval profilePayload.user = hrmsResponseBody.Employees[0].user ........... skipped
* call read('../../core-services/pretests/eGovUserUpdatePretest.feature@updateUserProfile') . skipped
* assert hrmsResponseBody.Employees.size() &gt; 0 ............................ skipped
* def jsUtils = read('classpath:com/egov/utils/jsUtils.js') ............... passed
* call read('../../common-services/pretests/authenticationToken.feature@authTokenCounterEmployee') . failed

Stack Trace:
com.intuit.karate.exception.KarateException: -unknown-:5 - 
authenticationToken.feature:88 - status code was: 400, expected: 200, response time: 158, url: https://qa.digit.org/user/oauth/token, response: {"error_description":"Account locked","error":"invalid_request"}
	at ✽.* call read('../../common-services/pretests/authenticationToken.feature@authTokenCounterEmployee') (-unknown-:5)

* def code = counterEmployeeUsername ...................................... skipped
* call read('../../business-services/pretest/egovHrmsPretest.feature@searchEmployeeSuccessfullyWithMultipleEmployeeCodes') . skipped
* def profilePayload = read('../../core-services/requestPayload/user/update/updateUser.json') . skipped
* def errorMessage = read("../../core-services/constants/user.yaml") ...... skipped
* def genericError = read("../../common-services/constants/genericConstants.yaml") . skipped
* def username = ranString(10) ............................................ skipped
* def email = ranString(5)+'@auto.com' .................................... skipped
* def city = tenantId.split(".")[0] ....................................... skipped
* def randomMobileNo = '9'+ randomMobileNumGen(9) ......................... skipped
* def invalidGender = randomNumber(3) ..................................... skipped
* eval profilePayload.user = hrmsResponseBody.Employees[0].user ........... skipped
* set profilePayload.user.name = username+'@automation!' .................. skipped
* call read('../../core-services/pretests/eGovUserUpdatePretest.feature@errorInUpdateUserProfile') . skipped
* assert updatedUserprofileResponseBody.Errors[0].message == errorMessage.errormessages.invalidUserName . skipped
* def jsUtils = read('classpath:com/egov/utils/jsUtils.js') ............... passed
* call read('../../common-services/pretests/authenticationToken.feature@authTokenCounterEmployee') . failed

Stack Trace:
com.intuit.karate.exception.KarateException: -unknown-:5 - 
authenticationToken.feature:88 - status code was: 400, expected: 200, response time: 131, url: https://qa.digit.org/user/oauth/token, response: {"error_description":"Account locked","error":"invalid_request"}
	at ✽.* call read('../../common-services/pretests/authenticationToken.feature@authTokenCounterEmployee') (-unknown-:5)

* def code = counterEmployeeUsername ...................................... skipped
* call read('../../business-services/pretest/egovHrmsPretest.feature@searchEmployeeSuccessfullyWithMultipleEmployeeCodes') . skipped
* def profilePayload = read('../../core-services/requestPayload/user/update/updateUser.json') . skipped
* def errorMessage = read("../../core-services/constants/user.yaml") ...... skipped
* def genericError = read("../../common-services/constants/genericConstants.yaml") . skipped
* def username = ranString(10) ............................................ skipped
* def email = ranString(5)+'@auto.com' .................................... skipped
* def city = tenantId.split(".")[0] ....................................... skipped
* def randomMobileNo = '9'+ randomMobileNumGen(9) ......................... skipped
* def invalidGender = randomNumber(3) ..................................... skipped
* eval profilePayload.user = hrmsResponseBody.Employees[0].user ........... skipped
* set profilePayload.user.emailId = username .............................. skipped
* call read('../../core-services/pretests/eGovUserUpdatePretest.feature@errorInUpdateUserProfile') . skipped
* assert updatedUserprofileResponseBody.Errors[0].message == errorMessage.errormessages.invalidEmail . skipped
* def jsUtils = read('classpath:com/egov/utils/jsUtils.js') ............... passed
* call read('../../common-services/pretests/authenticationToken.feature@authTokenCounterEmployee') . failed

Stack Trace:
com.intuit.karate.exception.KarateException: -unknown-:5 - 
authenticationToken.feature:88 - status code was: 400, expected: 200, response time: 145, url: https://qa.digit.org/user/oauth/token, response: {"error_description":"Account locked","error":"invalid_request"}
	at ✽.* call read('../../common-services/pretests/authenticationToken.feature@authTokenCounterEmployee') (-unknown-:5)

* def code = counterEmployeeUsername ...................................... skipped
* call read('../../business-services/pretest/egovHrmsPretest.feature@searchEmployeeSuccessfullyWithMultipleEmployeeCodes') . skipped
* def profilePayload = read('../../core-services/requestPayload/user/update/updateUser.json') . skipped
* def errorMessage = read("../../core-services/constants/user.yaml") ...... skipped
* def genericError = read("../../common-services/constants/genericConstants.yaml") . skipped
* def username = ranString(10) ............................................ skipped
* def email = ranString(5)+'@auto.com' .................................... skipped
* def city = tenantId.split(".")[0] ....................................... skipped
* def randomMobileNo = '9'+ randomMobileNumGen(9) ......................... skipped
* def invalidGender = randomNumber(3) ..................................... skipped
* eval profilePayload.user = hrmsResponseBody.Employees[0].user ........... skipped
* set profilePayload.user.mobileNumber = randomMobileNumGen(10) ........... skipped
* call read('../../core-services/pretests/eGovUserUpdatePretest.feature@errorInUpdateUserProfile') . skipped
* assert updatedUserprofileResponseBody.Errors[0].message == errorMessage.errormessages.invalidPhoneNumber . skipped
* def jsUtils = read('classpath:com/egov/utils/jsUtils.js') ............... passed
* call read('../../common-services/pretests/authenticationToken.feature@authTokenCounterEmployee') . failed

Stack Trace:
com.intuit.karate.exception.KarateException: -unknown-:5 - 
authenticationToken.feature:88 - status code was: 400, expected: 200, response time: 128, url: https://qa.digit.org/user/oauth/token, response: {"error_description":"Account locked","error":"invalid_request"}
	at ✽.* call read('../../common-services/pretests/authenticationToken.feature@authTokenCounterEmployee') (-unknown-:5)

* def code = counterEmployeeUsername ...................................... skipped
* call read('../../business-services/pretest/egovHrmsPretest.feature@searchEmployeeSuccessfullyWithMultipleEmployeeCodes') . skipped
* def profilePayload = read('../../core-services/requestPayload/user/update/updateUser.json') . skipped
* def errorMessage = read("../../core-services/constants/user.yaml") ...... skipped
* def genericError = read("../../common-services/constants/genericConstants.yaml") . skipped
* def username = ranString(10) ............................................ skipped
* def email = ranString(5)+'@auto.com' .................................... skipped
* def city = tenantId.split(".")[0] ....................................... skipped
* def randomMobileNo = '9'+ randomMobileNumGen(9) ......................... skipped
* def invalidGender = randomNumber(3) ..................................... skipped
* eval profilePayload.user = hrmsResponseBody.Employees[0].user ........... skipped
* set profilePayload.user.mobileNumber = randomMobileNo ................... skipped
* call read('../../core-services/pretests/eGovUserUpdatePretest.feature@updateUserProfile') . skipped
* call read('../../business-services/pretest/egovHrmsPretest.feature@searchEmployeeSuccessfullyWithMultipleEmployeeCodes') . skipped
* assert hrmsResponseBody.Employees[0].user.mobileNumber != randomMobileNo . skipped</failure>
   </testcase>
   <testcase classname="com.egov.core-services.tests.userProfileUpdate"
             name="To verify the error message returned by API when an invalid gender is passed"
             time="0.148392">
      <failure message="-unknown-:5 - &#xA;authenticationToken.feature:88 - status code was: 400, expected: 200, response time: 130, url: https://qa.digit.org/user/oauth/token, response: {&#34;error_description&#34;:&#34;Account locked&#34;,&#34;error&#34;:&#34;invalid_request&#34;}">* def jsUtils = read('classpath:com/egov/utils/jsUtils.js') ............... passed
* call read('../../common-services/pretests/authenticationToken.feature@authTokenCounterEmployee') . failed

Stack Trace:
com.intuit.karate.exception.KarateException: -unknown-:5 - 
authenticationToken.feature:88 - status code was: 400, expected: 200, response time: 120, url: https://qa.digit.org/user/oauth/token, response: {"error_description":"Account locked","error":"invalid_request"}
	at ✽.* call read('../../common-services/pretests/authenticationToken.feature@authTokenCounterEmployee') (-unknown-:5)

* def code = counterEmployeeUsername ...................................... skipped
* call read('../../business-services/pretest/egovHrmsPretest.feature@searchEmployeeSuccessfullyWithMultipleEmployeeCodes') . skipped
* def profilePayload = read('../../core-services/requestPayload/user/update/updateUser.json') . skipped
* def errorMessage = read("../../core-services/constants/user.yaml") ...... skipped
* def genericError = read("../../common-services/constants/genericConstants.yaml") . skipped
* def username = ranString(10) ............................................ skipped
* def email = ranString(5)+'@auto.com' .................................... skipped
* def city = tenantId.split(".")[0] ....................................... skipped
* def randomMobileNo = '9'+ randomMobileNumGen(9) ......................... skipped
* def invalidGender = randomNumber(3) ..................................... skipped
* eval profilePayload.user = hrmsResponseBody.Employees[0].user ........... skipped
* set profilePayload.user.name = username ................................. skipped
* set profilePayload.user.emailId = email ................................. skipped
* set profilePayload.user.correspondenceCity = city ....................... skipped
* call read('../../core-services/pretests/eGovUserUpdatePretest.feature@updateUserProfile') . skipped
* call read('../../business-services/pretest/egovHrmsPretest.feature@searchEmployeeSuccessfullyWithMultipleEmployeeCodes') . skipped
* assert hrmsResponseBody.Employees[0].user.name == username .............. skipped
* assert hrmsResponseBody.Employees[0].user.emailId == email .............. skipped
* assert hrmsResponseBody.Employees[0].user.correspondenceCity == city .... skipped
* def jsUtils = read('classpath:com/egov/utils/jsUtils.js') ............... passed
* call read('../../common-services/pretests/authenticationToken.feature@authTokenCounterEmployee') . failed

Stack Trace:
com.intuit.karate.exception.KarateException: -unknown-:5 - 
authenticationToken.feature:88 - status code was: 400, expected: 200, response time: 119, url: https://qa.digit.org/user/oauth/token, response: {"error_description":"Account locked","error":"invalid_request"}
	at ✽.* call read('../../common-services/pretests/authenticationToken.feature@authTokenCounterEmployee') (-unknown-:5)

* def code = counterEmployeeUsername ...................................... skipped
* call read('../../business-services/pretest/egovHrmsPretest.feature@searchEmployeeSuccessfullyWithMultipleEmployeeCodes') . skipped
* def profilePayload = read('../../core-services/requestPayload/user/update/updateUser.json') . skipped
* def errorMessage = read("../../core-services/constants/user.yaml") ...... skipped
* def genericError = read("../../common-services/constants/genericConstants.yaml") . skipped
* def username = ranString(10) ............................................ skipped
* def email = ranString(5)+'@auto.com' .................................... skipped
* def city = tenantId.split(".")[0] ....................................... skipped
* def randomMobileNo = '9'+ randomMobileNumGen(9) ......................... skipped
* def invalidGender = randomNumber(3) ..................................... skipped
* eval profilePayload.user = hrmsResponseBody.Employees[0].user ........... skipped
* call read('../../core-services/pretests/eGovUserUpdatePretest.feature@updateUserProfile') . skipped
* assert hrmsResponseBody.Employees.size() &gt; 0 ............................ skipped
* def jsUtils = read('classpath:com/egov/utils/jsUtils.js') ............... passed
* call read('../../common-services/pretests/authenticationToken.feature@authTokenCounterEmployee') . failed

Stack Trace:
com.intuit.karate.exception.KarateException: -unknown-:5 - 
authenticationToken.feature:88 - status code was: 400, expected: 200, response time: 158, url: https://qa.digit.org/user/oauth/token, response: {"error_description":"Account locked","error":"invalid_request"}
	at ✽.* call read('../../common-services/pretests/authenticationToken.feature@authTokenCounterEmployee') (-unknown-:5)

* def code = counterEmployeeUsername ...................................... skipped
* call read('../../business-services/pretest/egovHrmsPretest.feature@searchEmployeeSuccessfullyWithMultipleEmployeeCodes') . skipped
* def profilePayload = read('../../core-services/requestPayload/user/update/updateUser.json') . skipped
* def errorMessage = read("../../core-services/constants/user.yaml") ...... skipped
* def genericError = read("../../common-services/constants/genericConstants.yaml") . skipped
* def username = ranString(10) ............................................ skipped
* def email = ranString(5)+'@auto.com' .................................... skipped
* def city = tenantId.split(".")[0] ....................................... skipped
* def randomMobileNo = '9'+ randomMobileNumGen(9) ......................... skipped
* def invalidGender = randomNumber(3) ..................................... skipped
* eval profilePayload.user = hrmsResponseBody.Employees[0].user ........... skipped
* set profilePayload.user.name = username+'@automation!' .................. skipped
* call read('../../core-services/pretests/eGovUserUpdatePretest.feature@errorInUpdateUserProfile') . skipped
* assert updatedUserprofileResponseBody.Errors[0].message == errorMessage.errormessages.invalidUserName . skipped
* def jsUtils = read('classpath:com/egov/utils/jsUtils.js') ............... passed
* call read('../../common-services/pretests/authenticationToken.feature@authTokenCounterEmployee') . failed

Stack Trace:
com.intuit.karate.exception.KarateException: -unknown-:5 - 
authenticationToken.feature:88 - status code was: 400, expected: 200, response time: 131, url: https://qa.digit.org/user/oauth/token, response: {"error_description":"Account locked","error":"invalid_request"}
	at ✽.* call read('../../common-services/pretests/authenticationToken.feature@authTokenCounterEmployee') (-unknown-:5)

* def code = counterEmployeeUsername ...................................... skipped
* call read('../../business-services/pretest/egovHrmsPretest.feature@searchEmployeeSuccessfullyWithMultipleEmployeeCodes') . skipped
* def profilePayload = read('../../core-services/requestPayload/user/update/updateUser.json') . skipped
* def errorMessage = read("../../core-services/constants/user.yaml") ...... skipped
* def genericError = read("../../common-services/constants/genericConstants.yaml") . skipped
* def username = ranString(10) ............................................ skipped
* def email = ranString(5)+'@auto.com' .................................... skipped
* def city = tenantId.split(".")[0] ....................................... skipped
* def randomMobileNo = '9'+ randomMobileNumGen(9) ......................... skipped
* def invalidGender = randomNumber(3) ..................................... skipped
* eval profilePayload.user = hrmsResponseBody.Employees[0].user ........... skipped
* set profilePayload.user.emailId = username .............................. skipped
* call read('../../core-services/pretests/eGovUserUpdatePretest.feature@errorInUpdateUserProfile') . skipped
* assert updatedUserprofileResponseBody.Errors[0].message == errorMessage.errormessages.invalidEmail . skipped
* def jsUtils = read('classpath:com/egov/utils/jsUtils.js') ............... passed
* call read('../../common-services/pretests/authenticationToken.feature@authTokenCounterEmployee') . failed

Stack Trace:
com.intuit.karate.exception.KarateException: -unknown-:5 - 
authenticationToken.feature:88 - status code was: 400, expected: 200, response time: 145, url: https://qa.digit.org/user/oauth/token, response: {"error_description":"Account locked","error":"invalid_request"}
	at ✽.* call read('../../common-services/pretests/authenticationToken.feature@authTokenCounterEmployee') (-unknown-:5)

* def code = counterEmployeeUsername ...................................... skipped
* call read('../../business-services/pretest/egovHrmsPretest.feature@searchEmployeeSuccessfullyWithMultipleEmployeeCodes') . skipped
* def profilePayload = read('../../core-services/requestPayload/user/update/updateUser.json') . skipped
* def errorMessage = read("../../core-services/constants/user.yaml") ...... skipped
* def genericError = read("../../common-services/constants/genericConstants.yaml") . skipped
* def username = ranString(10) ............................................ skipped
* def email = ranString(5)+'@auto.com' .................................... skipped
* def city = tenantId.split(".")[0] ....................................... skipped
* def randomMobileNo = '9'+ randomMobileNumGen(9) ......................... skipped
* def invalidGender = randomNumber(3) ..................................... skipped
* eval profilePayload.user = hrmsResponseBody.Employees[0].user ........... skipped
* set profilePayload.user.mobileNumber = randomMobileNumGen(10) ........... skipped
* call read('../../core-services/pretests/eGovUserUpdatePretest.feature@errorInUpdateUserProfile') . skipped
* assert updatedUserprofileResponseBody.Errors[0].message == errorMessage.errormessages.invalidPhoneNumber . skipped
* def jsUtils = read('classpath:com/egov/utils/jsUtils.js') ............... passed
* call read('../../common-services/pretests/authenticationToken.feature@authTokenCounterEmployee') . failed

Stack Trace:
com.intuit.karate.exception.KarateException: -unknown-:5 - 
authenticationToken.feature:88 - status code was: 400, expected: 200, response time: 128, url: https://qa.digit.org/user/oauth/token, response: {"error_description":"Account locked","error":"invalid_request"}
	at ✽.* call read('../../common-services/pretests/authenticationToken.feature@authTokenCounterEmployee') (-unknown-:5)

* def code = counterEmployeeUsername ...................................... skipped
* call read('../../business-services/pretest/egovHrmsPretest.feature@searchEmployeeSuccessfullyWithMultipleEmployeeCodes') . skipped
* def profilePayload = read('../../core-services/requestPayload/user/update/updateUser.json') . skipped
* def errorMessage = read("../../core-services/constants/user.yaml") ...... skipped
* def genericError = read("../../common-services/constants/genericConstants.yaml") . skipped
* def username = ranString(10) ............................................ skipped
* def email = ranString(5)+'@auto.com' .................................... skipped
* def city = tenantId.split(".")[0] ....................................... skipped
* def randomMobileNo = '9'+ randomMobileNumGen(9) ......................... skipped
* def invalidGender = randomNumber(3) ..................................... skipped
* eval profilePayload.user = hrmsResponseBody.Employees[0].user ........... skipped
* set profilePayload.user.mobileNumber = randomMobileNo ................... skipped
* call read('../../core-services/pretests/eGovUserUpdatePretest.feature@updateUserProfile') . skipped
* call read('../../business-services/pretest/egovHrmsPretest.feature@searchEmployeeSuccessfullyWithMultipleEmployeeCodes') . skipped
* assert hrmsResponseBody.Employees[0].user.mobileNumber != randomMobileNo . skipped
* def jsUtils = read('classpath:com/egov/utils/jsUtils.js') ............... passed
* call read('../../common-services/pretests/authenticationToken.feature@authTokenCounterEmployee') . failed

Stack Trace:
com.intuit.karate.exception.KarateException: -unknown-:5 - 
authenticationToken.feature:88 - status code was: 400, expected: 200, response time: 130, url: https://qa.digit.org/user/oauth/token, response: {"error_description":"Account locked","error":"invalid_request"}
	at ✽.* call read('../../common-services/pretests/authenticationToken.feature@authTokenCounterEmployee') (-unknown-:5)

* def code = counterEmployeeUsername ...................................... skipped
* call read('../../business-services/pretest/egovHrmsPretest.feature@searchEmployeeSuccessfullyWithMultipleEmployeeCodes') . skipped
* def profilePayload = read('../../core-services/requestPayload/user/update/updateUser.json') . skipped
* def errorMessage = read("../../core-services/constants/user.yaml") ...... skipped
* def genericError = read("../../common-services/constants/genericConstants.yaml") . skipped
* def username = ranString(10) ............................................ skipped
* def email = ranString(5)+'@auto.com' .................................... skipped
* def city = tenantId.split(".")[0] ....................................... skipped
* def randomMobileNo = '9'+ randomMobileNumGen(9) ......................... skipped
* def invalidGender = randomNumber(3) ..................................... skipped
* eval profilePayload.user = hrmsResponseBody.Employees[0].user ........... skipped
* set profilePayload.user.gender = invalidGender .......................... skipped
* call read('../../core-services/pretests/eGovUserUpdatePretest.feature@errorInUpdateUserProfile') . skipped
* assert updatedUserprofileResponseBody.Errors[0].message == errorMessage.errormessages.invalidGender . skipped</failure>
   </testcase>
   <testcase classname="com.egov.core-services.tests.userProfileUpdate"
             name="To verify the error message returned by API when tenant id passed as null"
             time="0.141785">
      <failure message="-unknown-:5 - &#xA;authenticationToken.feature:88 - status code was: 400, expected: 200, response time: 125, url: https://qa.digit.org/user/oauth/token, response: {&#34;error_description&#34;:&#34;Account locked&#34;,&#34;error&#34;:&#34;invalid_request&#34;}">* def jsUtils = read('classpath:com/egov/utils/jsUtils.js') ............... passed
* call read('../../common-services/pretests/authenticationToken.feature@authTokenCounterEmployee') . failed

Stack Trace:
com.intuit.karate.exception.KarateException: -unknown-:5 - 
authenticationToken.feature:88 - status code was: 400, expected: 200, response time: 120, url: https://qa.digit.org/user/oauth/token, response: {"error_description":"Account locked","error":"invalid_request"}
	at ✽.* call read('../../common-services/pretests/authenticationToken.feature@authTokenCounterEmployee') (-unknown-:5)

* def code = counterEmployeeUsername ...................................... skipped
* call read('../../business-services/pretest/egovHrmsPretest.feature@searchEmployeeSuccessfullyWithMultipleEmployeeCodes') . skipped
* def profilePayload = read('../../core-services/requestPayload/user/update/updateUser.json') . skipped
* def errorMessage = read("../../core-services/constants/user.yaml") ...... skipped
* def genericError = read("../../common-services/constants/genericConstants.yaml") . skipped
* def username = ranString(10) ............................................ skipped
* def email = ranString(5)+'@auto.com' .................................... skipped
* def city = tenantId.split(".")[0] ....................................... skipped
* def randomMobileNo = '9'+ randomMobileNumGen(9) ......................... skipped
* def invalidGender = randomNumber(3) ..................................... skipped
* eval profilePayload.user = hrmsResponseBody.Employees[0].user ........... skipped
* set profilePayload.user.name = username ................................. skipped
* set profilePayload.user.emailId = email ................................. skipped
* set profilePayload.user.correspondenceCity = city ....................... skipped
* call read('../../core-services/pretests/eGovUserUpdatePretest.feature@updateUserProfile') . skipped
* call read('../../business-services/pretest/egovHrmsPretest.feature@searchEmployeeSuccessfullyWithMultipleEmployeeCodes') . skipped
* assert hrmsResponseBody.Employees[0].user.name == username .............. skipped
* assert hrmsResponseBody.Employees[0].user.emailId == email .............. skipped
* assert hrmsResponseBody.Employees[0].user.correspondenceCity == city .... skipped
* def jsUtils = read('classpath:com/egov/utils/jsUtils.js') ............... passed
* call read('../../common-services/pretests/authenticationToken.feature@authTokenCounterEmployee') . failed

Stack Trace:
com.intuit.karate.exception.KarateException: -unknown-:5 - 
authenticationToken.feature:88 - status code was: 400, expected: 200, response time: 119, url: https://qa.digit.org/user/oauth/token, response: {"error_description":"Account locked","error":"invalid_request"}
	at ✽.* call read('../../common-services/pretests/authenticationToken.feature@authTokenCounterEmployee') (-unknown-:5)

* def code = counterEmployeeUsername ...................................... skipped
* call read('../../business-services/pretest/egovHrmsPretest.feature@searchEmployeeSuccessfullyWithMultipleEmployeeCodes') . skipped
* def profilePayload = read('../../core-services/requestPayload/user/update/updateUser.json') . skipped
* def errorMessage = read("../../core-services/constants/user.yaml") ...... skipped
* def genericError = read("../../common-services/constants/genericConstants.yaml") . skipped
* def username = ranString(10) ............................................ skipped
* def email = ranString(5)+'@auto.com' .................................... skipped
* def city = tenantId.split(".")[0] ....................................... skipped
* def randomMobileNo = '9'+ randomMobileNumGen(9) ......................... skipped
* def invalidGender = randomNumber(3) ..................................... skipped
* eval profilePayload.user = hrmsResponseBody.Employees[0].user ........... skipped
* call read('../../core-services/pretests/eGovUserUpdatePretest.feature@updateUserProfile') . skipped
* assert hrmsResponseBody.Employees.size() &gt; 0 ............................ skipped
* def jsUtils = read('classpath:com/egov/utils/jsUtils.js') ............... passed
* call read('../../common-services/pretests/authenticationToken.feature@authTokenCounterEmployee') . failed

Stack Trace:
com.intuit.karate.exception.KarateException: -unknown-:5 - 
authenticationToken.feature:88 - status code was: 400, expected: 200, response time: 158, url: https://qa.digit.org/user/oauth/token, response: {"error_description":"Account locked","error":"invalid_request"}
	at ✽.* call read('../../common-services/pretests/authenticationToken.feature@authTokenCounterEmployee') (-unknown-:5)

* def code = counterEmployeeUsername ...................................... skipped
* call read('../../business-services/pretest/egovHrmsPretest.feature@searchEmployeeSuccessfullyWithMultipleEmployeeCodes') . skipped
* def profilePayload = read('../../core-services/requestPayload/user/update/updateUser.json') . skipped
* def errorMessage = read("../../core-services/constants/user.yaml") ...... skipped
* def genericError = read("../../common-services/constants/genericConstants.yaml") . skipped
* def username = ranString(10) ............................................ skipped
* def email = ranString(5)+'@auto.com' .................................... skipped
* def city = tenantId.split(".")[0] ....................................... skipped
* def randomMobileNo = '9'+ randomMobileNumGen(9) ......................... skipped
* def invalidGender = randomNumber(3) ..................................... skipped
* eval profilePayload.user = hrmsResponseBody.Employees[0].user ........... skipped
* set profilePayload.user.name = username+'@automation!' .................. skipped
* call read('../../core-services/pretests/eGovUserUpdatePretest.feature@errorInUpdateUserProfile') . skipped
* assert updatedUserprofileResponseBody.Errors[0].message == errorMessage.errormessages.invalidUserName . skipped
* def jsUtils = read('classpath:com/egov/utils/jsUtils.js') ............... passed
* call read('../../common-services/pretests/authenticationToken.feature@authTokenCounterEmployee') . failed

Stack Trace:
com.intuit.karate.exception.KarateException: -unknown-:5 - 
authenticationToken.feature:88 - status code was: 400, expected: 200, response time: 131, url: https://qa.digit.org/user/oauth/token, response: {"error_description":"Account locked","error":"invalid_request"}
	at ✽.* call read('../../common-services/pretests/authenticationToken.feature@authTokenCounterEmployee') (-unknown-:5)

* def code = counterEmployeeUsername ...................................... skipped
* call read('../../business-services/pretest/egovHrmsPretest.feature@searchEmployeeSuccessfullyWithMultipleEmployeeCodes') . skipped
* def profilePayload = read('../../core-services/requestPayload/user/update/updateUser.json') . skipped
* def errorMessage = read("../../core-services/constants/user.yaml") ...... skipped
* def genericError = read("../../common-services/constants/genericConstants.yaml") . skipped
* def username = ranString(10) ............................................ skipped
* def email = ranString(5)+'@auto.com' .................................... skipped
* def city = tenantId.split(".")[0] ....................................... skipped
* def randomMobileNo = '9'+ randomMobileNumGen(9) ......................... skipped
* def invalidGender = randomNumber(3) ..................................... skipped
* eval profilePayload.user = hrmsResponseBody.Employees[0].user ........... skipped
* set profilePayload.user.emailId = username .............................. skipped
* call read('../../core-services/pretests/eGovUserUpdatePretest.feature@errorInUpdateUserProfile') . skipped
* assert updatedUserprofileResponseBody.Errors[0].message == errorMessage.errormessages.invalidEmail . skipped
* def jsUtils = read('classpath:com/egov/utils/jsUtils.js') ............... passed
* call read('../../common-services/pretests/authenticationToken.feature@authTokenCounterEmployee') . failed

Stack Trace:
com.intuit.karate.exception.KarateException: -unknown-:5 - 
authenticationToken.feature:88 - status code was: 400, expected: 200, response time: 145, url: https://qa.digit.org/user/oauth/token, response: {"error_description":"Account locked","error":"invalid_request"}
	at ✽.* call read('../../common-services/pretests/authenticationToken.feature@authTokenCounterEmployee') (-unknown-:5)

* def code = counterEmployeeUsername ...................................... skipped
* call read('../../business-services/pretest/egovHrmsPretest.feature@searchEmployeeSuccessfullyWithMultipleEmployeeCodes') . skipped
* def profilePayload = read('../../core-services/requestPayload/user/update/updateUser.json') . skipped
* def errorMessage = read("../../core-services/constants/user.yaml") ...... skipped
* def genericError = read("../../common-services/constants/genericConstants.yaml") . skipped
* def username = ranString(10) ............................................ skipped
* def email = ranString(5)+'@auto.com' .................................... skipped
* def city = tenantId.split(".")[0] ....................................... skipped
* def randomMobileNo = '9'+ randomMobileNumGen(9) ......................... skipped
* def invalidGender = randomNumber(3) ..................................... skipped
* eval profilePayload.user = hrmsResponseBody.Employees[0].user ........... skipped
* set profilePayload.user.mobileNumber = randomMobileNumGen(10) ........... skipped
* call read('../../core-services/pretests/eGovUserUpdatePretest.feature@errorInUpdateUserProfile') . skipped
* assert updatedUserprofileResponseBody.Errors[0].message == errorMessage.errormessages.invalidPhoneNumber . skipped
* def jsUtils = read('classpath:com/egov/utils/jsUtils.js') ............... passed
* call read('../../common-services/pretests/authenticationToken.feature@authTokenCounterEmployee') . failed

Stack Trace:
com.intuit.karate.exception.KarateException: -unknown-:5 - 
authenticationToken.feature:88 - status code was: 400, expected: 200, response time: 128, url: https://qa.digit.org/user/oauth/token, response: {"error_description":"Account locked","error":"invalid_request"}
	at ✽.* call read('../../common-services/pretests/authenticationToken.feature@authTokenCounterEmployee') (-unknown-:5)

* def code = counterEmployeeUsername ...................................... skipped
* call read('../../business-services/pretest/egovHrmsPretest.feature@searchEmployeeSuccessfullyWithMultipleEmployeeCodes') . skipped
* def profilePayload = read('../../core-services/requestPayload/user/update/updateUser.json') . skipped
* def errorMessage = read("../../core-services/constants/user.yaml") ...... skipped
* def genericError = read("../../common-services/constants/genericConstants.yaml") . skipped
* def username = ranString(10) ............................................ skipped
* def email = ranString(5)+'@auto.com' .................................... skipped
* def city = tenantId.split(".")[0] ....................................... skipped
* def randomMobileNo = '9'+ randomMobileNumGen(9) ......................... skipped
* def invalidGender = randomNumber(3) ..................................... skipped
* eval profilePayload.user = hrmsResponseBody.Employees[0].user ........... skipped
* set profilePayload.user.mobileNumber = randomMobileNo ................... skipped
* call read('../../core-services/pretests/eGovUserUpdatePretest.feature@updateUserProfile') . skipped
* call read('../../business-services/pretest/egovHrmsPretest.feature@searchEmployeeSuccessfullyWithMultipleEmployeeCodes') . skipped
* assert hrmsResponseBody.Employees[0].user.mobileNumber != randomMobileNo . skipped
* def jsUtils = read('classpath:com/egov/utils/jsUtils.js') ............... passed
* call read('../../common-services/pretests/authenticationToken.feature@authTokenCounterEmployee') . failed

Stack Trace:
com.intuit.karate.exception.KarateException: -unknown-:5 - 
authenticationToken.feature:88 - status code was: 400, expected: 200, response time: 130, url: https://qa.digit.org/user/oauth/token, response: {"error_description":"Account locked","error":"invalid_request"}
	at ✽.* call read('../../common-services/pretests/authenticationToken.feature@authTokenCounterEmployee') (-unknown-:5)

* def code = counterEmployeeUsername ...................................... skipped
* call read('../../business-services/pretest/egovHrmsPretest.feature@searchEmployeeSuccessfullyWithMultipleEmployeeCodes') . skipped
* def profilePayload = read('../../core-services/requestPayload/user/update/updateUser.json') . skipped
* def errorMessage = read("../../core-services/constants/user.yaml") ...... skipped
* def genericError = read("../../common-services/constants/genericConstants.yaml") . skipped
* def username = ranString(10) ............................................ skipped
* def email = ranString(5)+'@auto.com' .................................... skipped
* def city = tenantId.split(".")[0] ....................................... skipped
* def randomMobileNo = '9'+ randomMobileNumGen(9) ......................... skipped
* def invalidGender = randomNumber(3) ..................................... skipped
* eval profilePayload.user = hrmsResponseBody.Employees[0].user ........... skipped
* set profilePayload.user.gender = invalidGender .......................... skipped
* call read('../../core-services/pretests/eGovUserUpdatePretest.feature@errorInUpdateUserProfile') . skipped
* assert updatedUserprofileResponseBody.Errors[0].message == errorMessage.errormessages.invalidGender . skipped
* def jsUtils = read('classpath:com/egov/utils/jsUtils.js') ............... passed
* call read('../../common-services/pretests/authenticationToken.feature@authTokenCounterEmployee') . failed

Stack Trace:
com.intuit.karate.exception.KarateException: -unknown-:5 - 
authenticationToken.feature:88 - status code was: 400, expected: 200, response time: 125, url: https://qa.digit.org/user/oauth/token, response: {"error_description":"Account locked","error":"invalid_request"}
	at ✽.* call read('../../common-services/pretests/authenticationToken.feature@authTokenCounterEmployee') (-unknown-:5)

* def code = counterEmployeeUsername ...................................... skipped
* call read('../../business-services/pretest/egovHrmsPretest.feature@searchEmployeeSuccessfullyWithMultipleEmployeeCodes') . skipped
* def profilePayload = read('../../core-services/requestPayload/user/update/updateUser.json') . skipped
* def errorMessage = read("../../core-services/constants/user.yaml") ...... skipped
* def genericError = read("../../common-services/constants/genericConstants.yaml") . skipped
* def username = ranString(10) ............................................ skipped
* def email = ranString(5)+'@auto.com' .................................... skipped
* def city = tenantId.split(".")[0] ....................................... skipped
* def randomMobileNo = '9'+ randomMobileNumGen(9) ......................... skipped
* def invalidGender = randomNumber(3) ..................................... skipped
* eval profilePayload.user = hrmsResponseBody.Employees[0].user ........... skipped
* set profilePayload.user.tenantId = null ................................. skipped
* call read('../../core-services/pretests/eGovUserUpdatePretest.feature@errorInUpdateUserProfile') . skipped
* assert updatedUserprofileResponseBody.Errors[0].message == genericError.errorMessages.unhandledException . skipped</failure>
   </testcase>
   <testcase classname="com.egov.core-services.tests.userProfileUpdate"
             name="To verify the error message returned by API when UUID passed as blank"
             time="0.15793">
      <failure message="-unknown-:5 - &#xA;authenticationToken.feature:88 - status code was: 400, expected: 200, response time: 140, url: https://qa.digit.org/user/oauth/token, response: {&#34;error_description&#34;:&#34;Account locked&#34;,&#34;error&#34;:&#34;invalid_request&#34;}">* def jsUtils = read('classpath:com/egov/utils/jsUtils.js') ............... passed
* call read('../../common-services/pretests/authenticationToken.feature@authTokenCounterEmployee') . failed

Stack Trace:
com.intuit.karate.exception.KarateException: -unknown-:5 - 
authenticationToken.feature:88 - status code was: 400, expected: 200, response time: 120, url: https://qa.digit.org/user/oauth/token, response: {"error_description":"Account locked","error":"invalid_request"}
	at ✽.* call read('../../common-services/pretests/authenticationToken.feature@authTokenCounterEmployee') (-unknown-:5)

* def code = counterEmployeeUsername ...................................... skipped
* call read('../../business-services/pretest/egovHrmsPretest.feature@searchEmployeeSuccessfullyWithMultipleEmployeeCodes') . skipped
* def profilePayload = read('../../core-services/requestPayload/user/update/updateUser.json') . skipped
* def errorMessage = read("../../core-services/constants/user.yaml") ...... skipped
* def genericError = read("../../common-services/constants/genericConstants.yaml") . skipped
* def username = ranString(10) ............................................ skipped
* def email = ranString(5)+'@auto.com' .................................... skipped
* def city = tenantId.split(".")[0] ....................................... skipped
* def randomMobileNo = '9'+ randomMobileNumGen(9) ......................... skipped
* def invalidGender = randomNumber(3) ..................................... skipped
* eval profilePayload.user = hrmsResponseBody.Employees[0].user ........... skipped
* set profilePayload.user.name = username ................................. skipped
* set profilePayload.user.emailId = email ................................. skipped
* set profilePayload.user.correspondenceCity = city ....................... skipped
* call read('../../core-services/pretests/eGovUserUpdatePretest.feature@updateUserProfile') . skipped
* call read('../../business-services/pretest/egovHrmsPretest.feature@searchEmployeeSuccessfullyWithMultipleEmployeeCodes') . skipped
* assert hrmsResponseBody.Employees[0].user.name == username .............. skipped
* assert hrmsResponseBody.Employees[0].user.emailId == email .............. skipped
* assert hrmsResponseBody.Employees[0].user.correspondenceCity == city .... skipped
* def jsUtils = read('classpath:com/egov/utils/jsUtils.js') ............... passed
* call read('../../common-services/pretests/authenticationToken.feature@authTokenCounterEmployee') . failed

Stack Trace:
com.intuit.karate.exception.KarateException: -unknown-:5 - 
authenticationToken.feature:88 - status code was: 400, expected: 200, response time: 119, url: https://qa.digit.org/user/oauth/token, response: {"error_description":"Account locked","error":"invalid_request"}
	at ✽.* call read('../../common-services/pretests/authenticationToken.feature@authTokenCounterEmployee') (-unknown-:5)

* def code = counterEmployeeUsername ...................................... skipped
* call read('../../business-services/pretest/egovHrmsPretest.feature@searchEmployeeSuccessfullyWithMultipleEmployeeCodes') . skipped
* def profilePayload = read('../../core-services/requestPayload/user/update/updateUser.json') . skipped
* def errorMessage = read("../../core-services/constants/user.yaml") ...... skipped
* def genericError = read("../../common-services/constants/genericConstants.yaml") . skipped
* def username = ranString(10) ............................................ skipped
* def email = ranString(5)+'@auto.com' .................................... skipped
* def city = tenantId.split(".")[0] ....................................... skipped
* def randomMobileNo = '9'+ randomMobileNumGen(9) ......................... skipped
* def invalidGender = randomNumber(3) ..................................... skipped
[...]
* def username = ranString(10) ............................................ skipped
* def email = ranString(5)+'@auto.com' .................................... skipped
* def city = tenantId.split(".")[0] ....................................... skipped
* def randomMobileNo = '9'+ randomMobileNumGen(9) ......................... skipped
* def invalidGender = randomNumber(3) ..................................... skipped
* eval profilePayload.user = hrmsResponseBody.Employees[0].user ........... skipped
* set profilePayload.user.name = username+'@automation!' .................. skipped
* call read('../../core-services/pretests/eGovUserUpdatePretest.feature@errorInUpdateUserProfile') . skipped
* assert updatedUserprofileResponseBody.Errors[0].message == errorMessage.errormessages.invalidUserName . skipped
* def jsUtils = read('classpath:com/egov/utils/jsUtils.js') ............... passed
* call read('../../common-services/pretests/authenticationToken.feature@authTokenCounterEmployee') . failed

Stack Trace:
com.intuit.karate.exception.KarateException: -unknown-:5 - 
authenticationToken.feature:88 - status code was: 400, expected: 200, response time: 131, url: https://qa.digit.org/user/oauth/token, response: {"error_description":"Account locked","error":"invalid_request"}
	at ✽.* call read('../../common-services/pretests/authenticationToken.feature@authTokenCounterEmployee') (-unknown-:5)

* def code = counterEmployeeUsername ...................................... skipped
* call read('../../business-services/pretest/egovHrmsPretest.feature@searchEmployeeSuccessfullyWithMultipleEmployeeCodes') . skipped
* def profilePayload = read('../../core-services/requestPayload/user/update/updateUser.json') . skipped
* def errorMessage = read("../../core-services/constants/user.yaml") ...... skipped
* def genericError = read("../../common-services/constants/genericConstants.yaml") . skipped
* def username = ranString(10) ............................................ skipped
* def email = ranString(5)+'@auto.com' .................................... skipped
* def city = tenantId.split(".")[0] ....................................... skipped
* def randomMobileNo = '9'+ randomMobileNumGen(9) ......................... skipped
* def invalidGender = randomNumber(3) ..................................... skipped
* eval profilePayload.user = hrmsResponseBody.Employees[0].user ........... skipped
* set profilePayload.user.emailId = username .............................. skipped
* call read('../../core-services/pretests/eGovUserUpdatePretest.feature@errorInUpdateUserProfile') . skipped
* assert updatedUserprofileResponseBody.Errors[0].message == errorMessage.errormessages.invalidEmail . skipped
* def jsUtils = read('classpath:com/egov/utils/jsUtils.js') ............... passed
* call read('../../common-services/pretests/authenticationToken.feature@authTokenCounterEmployee') . failed

Stack Trace:
com.intuit.karate.exception.KarateException: -unknown-:5 - 
authenticationToken.feature:88 - status code was: 400, expected: 200, response time: 145, url: https://qa.digit.org/user/oauth/token, response: {"error_description":"Account locked","error":"invalid_request"}
	at ✽.* call read('../../common-services/pretests/authenticationToken.feature@authTokenCounterEmployee') (-unknown-:5)

* def code = counterEmployeeUsername ...................................... skipped
* call read('../../business-services/pretest/egovHrmsPretest.feature@searchEmployeeSuccessfullyWithMultipleEmployeeCodes') . skipped
* def profilePayload = read('../../core-services/requestPayload/user/update/updateUser.json') . skipped
* def errorMessage = read("../../core-services/constants/user.yaml") ...... skipped
* def genericError = read("../../common-services/constants/genericConstants.yaml") . skipped
* def username = ranString(10) ............................................ skipped
* def email = ranString(5)+'@auto.com' .................................... skipped
* def city = tenantId.split(".")[0] ....................................... skipped
* def randomMobileNo = '9'+ randomMobileNumGen(9) ......................... skipped
* def invalidGender = randomNumber(3) ..................................... skipped
* eval profilePayload.user = hrmsResponseBody.Employees[0].user ........... skipped
* set profilePayload.user.mobileNumber = randomMobileNumGen(10) ........... skipped
* call read('../../core-services/pretests/eGovUserUpdatePretest.feature@errorInUpdateUserProfile') . skipped
* assert updatedUserprofileResponseBody.Errors[0].message == errorMessage.errormessages.invalidPhoneNumber . skipped
* def jsUtils = read('classpath:com/egov/utils/jsUtils.js') ............... passed
* call read('../../common-services/pretests/authenticationToken.feature@authTokenCounterEmployee') . failed

Stack Trace:
com.intuit.karate.exception.KarateException: -unknown-:5 - 
authenticationToken.feature:88 - status code was: 400, expected: 200, response time: 128, url: https://qa.digit.org/user/oauth/token, response: {"error_description":"Account locked","error":"invalid_request"}
	at ✽.* call read('../../common-services/pretests/authenticationToken.feature@authTokenCounterEmployee') (-unknown-:5)

* def code = counterEmployeeUsername ...................................... skipped
* call read('../../business-services/pretest/egovHrmsPretest.feature@searchEmployeeSuccessfullyWithMultipleEmployeeCodes') . skipped
* def profilePayload = read('../../core-services/requestPayload/user/update/updateUser.json') . skipped
* def errorMessage = read("../../core-services/constants/user.yaml") ...... skipped
* def genericError = read("../../common-services/constants/genericConstants.yaml") . skipped
* def username = ranString(10) ............................................ skipped
* def email = ranString(5)+'@auto.com' .................................... skipped
* def city = tenantId.split(".")[0] ....................................... skipped
* def randomMobileNo = '9'+ randomMobileNumGen(9) ......................... skipped
* def invalidGender = randomNumber(3) ..................................... skipped
* eval profilePayload.user = hrmsResponseBody.Employees[0].user ........... skipped
* set profilePayload.user.mobileNumber = randomMobileNo ................... skipped
* call read('../../core-services/pretests/eGovUserUpdatePretest.feature@updateUserProfile') . skipped
* call read('../../business-services/pretest/egovHrmsPretest.feature@searchEmployeeSuccessfullyWithMultipleEmployeeCodes') . skipped
* assert hrmsResponseBody.Employees[0].user.mobileNumber != randomMobileNo . skipped
* def jsUtils = read('classpath:com/egov/utils/jsUtils.js') ............... passed
* call read('../../common-services/pretests/authenticationToken.feature@authTokenCounterEmployee') . failed

Stack Trace:
com.intuit.karate.exception.KarateException: -unknown-:5 - 
authenticationToken.feature:88 - status code was: 400, expected: 200, response time: 130, url: https://qa.digit.org/user/oauth/token, response: {"error_description":"Account locked","error":"invalid_request"}
	at ✽.* call read('../../common-services/pretests/authenticationToken.feature@authTokenCounterEmployee') (-unknown-:5)

* def code = counterEmployeeUsername ...................................... skipped
* call read('../../business-services/pretest/egovHrmsPretest.feature@searchEmployeeSuccessfullyWithMultipleEmployeeCodes') . skipped
* def profilePayload = read('../../core-services/requestPayload/user/update/updateUser.json') . skipped
* def errorMessage = read("../../core-services/constants/user.yaml") ...... skipped
* def genericError = read("../../common-services/constants/genericConstants.yaml") . skipped
* def username = ranString(10) ............................................ skipped
* def email = ranString(5)+'@auto.com' .................................... skipped
* def city = tenantId.split(".")[0] ....................................... skipped
* def randomMobileNo = '9'+ randomMobileNumGen(9) ......................... skipped
* def invalidGender = randomNumber(3) ..................................... skipped
* eval profilePayload.user = hrmsResponseBody.Employees[0].user ........... skipped
* set profilePayload.user.gender = invalidGender .......................... skipped
* call read('../../core-services/pretests/eGovUserUpdatePretest.feature@errorInUpdateUserProfile') . skipped
* assert updatedUserprofileResponseBody.Errors[0].message == errorMessage.errormessages.invalidGender . skipped
* def jsUtils = read('classpath:com/egov/utils/jsUtils.js') ............... passed
* call read('../../common-services/pretests/authenticationToken.feature@authTokenCounterEmployee') . failed

Stack Trace:
com.intuit.karate.exception.KarateException: -unknown-:5 - 
authenticationToken.feature:88 - status code was: 400, expected: 200, response time: 125, url: https://qa.digit.org/user/oauth/token, response: {"error_description":"Account locked","error":"invalid_request"}
	at ✽.* call read('../../common-services/pretests/authenticationToken.feature@authTokenCounterEmployee') (-unknown-:5)

* def code = counterEmployeeUsername ...................................... skipped
* call read('../../business-services/pretest/egovHrmsPretest.feature@searchEmployeeSuccessfullyWithMultipleEmployeeCodes') . skipped
* def profilePayload = read('../../core-services/requestPayload/user/update/updateUser.json') . skipped
* def errorMessage = read("../../core-services/constants/user.yaml") ...... skipped
* def genericError = read("../../common-services/constants/genericConstants.yaml") . skipped
* def username = ranString(10) ............................................ skipped
* def email = ranString(5)+'@auto.com' .................................... skipped
* def city = tenantId.split(".")[0] ....................................... skipped
* def randomMobileNo = '9'+ randomMobileNumGen(9) ......................... skipped
* def invalidGender = randomNumber(3) ..................................... skipped
* eval profilePayload.user = hrmsResponseBody.Employees[0].user ........... skipped
* set profilePayload.user.tenantId = null ................................. skipped
* call read('../../core-services/pretests/eGovUserUpdatePretest.feature@errorInUpdateUserProfile') . skipped
* assert updatedUserprofileResponseBody.Errors[0].message == genericError.errorMessages.unhandledException . skipped
* def jsUtils = read('classpath:com/egov/utils/jsUtils.js') ............... passed
* call read('../../common-services/pretests/authenticationToken.feature@authTokenCounterEmployee') . failed

Stack Trace:
com.intuit.karate.exception.KarateException: -unknown-:5 - 
authenticationToken.feature:88 - status code was: 400, expected: 200, response time: 140, url: https://qa.digit.org/user/oauth/token, response: {"error_description":"Account locked","error":"invalid_request"}
	at ✽.* call read('../../common-services/pretests/authenticationToken.feature@authTokenCounterEmployee') (-unknown-:5)

* def code = counterEmployeeUsername ...................................... skipped
* call read('../../business-services/pretest/egovHrmsPretest.feature@searchEmployeeSuccessfullyWithMultipleEmployeeCodes') . skipped
* def profilePayload = read('../../core-services/requestPayload/user/update/updateUser.json') . skipped
* def errorMessage = read("../../core-services/constants/user.yaml") ...... skipped
* def genericError = read("../../common-services/constants/genericConstants.yaml") . skipped
* def username = ranString(10) ............................................ skipped
* def email = ranString(5)+'@auto.com' .................................... skipped
* def city = tenantId.split(".")[0] ....................................... skipped
* def randomMobileNo = '9'+ randomMobileNumGen(9) ......................... skipped
* def invalidGender = randomNumber(3) ..................................... skipped
* eval profilePayload.user = hrmsResponseBody.Employees[0].user ........... skipped
* set profilePayload.user.uuid = '' ....................................... skipped
* call read('../../core-services/pretests/eGovUserUpdatePretest.feature@errorInUpdateUserProfile') . skipped
* assert updatedUserprofileResponseBody.Errors[0].description == errorMessage.errormessages.invalidUUID . skipped
* def jsUtils = read('classpath:com/egov/utils/jsUtils.js') ............... passed
* call read('../../common-services/pretests/authenticationToken.feature@authTokenCounterEmployee') . failed

Stack Trace:
com.intuit.karate.exception.KarateException: -unknown-:5 - 
authenticationToken.feature:88 - status code was: 400, expected: 200, response time: 123, url: https://qa.digit.org/user/oauth/token, response: {"error_description":"Account locked","error":"invalid_request"}
	at ✽.* call read('../../common-services/pretests/authenticationToken.feature@authTokenCounterEmployee') (-unknown-:5)

* def code = counterEmployeeUsername ...................................... skipped
* call read('../../business-services/pretest/egovHrmsPretest.feature@searchEmployeeSuccessfullyWithMultipleEmployeeCodes') . skipped
* def profilePayload = read('../../core-services/requestPayload/user/update/updateUser.json') . skipped
* def errorMessage = read("../../core-services/constants/user.yaml") ...... skipped
* def genericError = read("../../common-services/constants/genericConstants.yaml") . skipped
* def username = ranString(10) ............................................ skipped
* def email = ranString(5)+'@auto.com' .................................... skipped
* def city = tenantId.split(".")[0] ....................................... skipped
* def randomMobileNo = '9'+ randomMobileNumGen(9) ......................... skipped
* def invalidGender = randomNumber(3) ..................................... skipped
* eval profilePayload.user = hrmsResponseBody.Employees[0].user ........... skipped
* set profilePayload.user.uuid = generateUUID() ........................... skipped
* call read('../../core-services/pretests/eGovUserUpdatePretest.feature@errorInUpdateUserProfile') . skipped
* assert updatedUserprofileResponseBody.Errors[0].message == genericError.errorMessages.unhandledException . skipped
* def jsUtils = read('classpath:com/egov/utils/jsUtils.js') ............... passed
* call read('../../common-services/pretests/authenticationToken.feature@authTokenCounterEmployee') . failed

Stack Trace:
com.intuit.karate.exception.KarateException: -unknown-:5 - 
authenticationToken.feature:88 - status code was: 400, expected: 200, response time: 127, url: https://qa.digit.org/user/oauth/token, response: {"error_description":"Account locked","error":"invalid_request"}
	at ✽.* call read('../../common-services/pretests/authenticationToken.feature@authTokenCounterEmployee') (-unknown-:5)

* def code = counterEmployeeUsername ...................................... skipped
* call read('../../business-services/pretest/egovHrmsPretest.feature@searchEmployeeSuccessfullyWithMultipleEmployeeCodes') . skipped
* def profilePayload = read('../../core-services/requestPayload/user/update/updateUser.json') . skipped
* def errorMessage = read("../../core-services/constants/user.yaml") ...... skipped
* def genericError = read("../../common-services/constants/genericConstants.yaml") . skipped
* def username = ranString(10) ............................................ skipped
* def email = ranString(5)+'@auto.com' .................................... skipped
* def city = tenantId.split(".")[0] ....................................... skipped
* def randomMobileNo = '9'+ randomMobileNumGen(9) ......................... skipped
* def invalidGender = randomNumber(3) ..................................... skipped
* eval profilePayload.user = hrmsResponseBody.Employees[0].user ........... skipped
* remove profilePayload.user.id ........................................... skipped
* call read('../../core-services/pretests/eGovUserUpdatePretest.feature@errorInUpdateUserProfile') . skipped
* assert updatedUserprofileResponseBody.Errors[0].message == genericError.errorMessages.unhandledException . skipped
* def jsUtils = read('classpath:com/egov/utils/jsUtils.js') ............... passed
* call read('../../common-services/pretests/authenticationToken.feature@authTokenCounterEmployee') . failed

Stack Trace:
com.intuit.karate.exception.KarateException: -unknown-:5 - 
authenticationToken.feature:88 - status code was: 400, expected: 200, response time: 147, url: https://qa.digit.org/user/oauth/token, response: {"error_description":"Account locked","error":"invalid_request"}
	at ✽.* call read('../../common-services/pretests/authenticationToken.feature@authTokenCounterEmployee') (-unknown-:5)

* def code = counterEmployeeUsername ...................................... skipped
* call read('../../business-services/pretest/egovHrmsPretest.feature@searchEmployeeSuccessfullyWithMultipleEmployeeCodes') . skipped
* def profilePayload = read('../../core-services/requestPayload/user/update/updateUser.json') . skipped
* def errorMessage = read("../../core-services/constants/user.yaml") ...... skipped
* def genericError = read("../../common-services/constants/genericConstants.yaml") . skipped
* def username = ranString(10) ............................................ skipped
* def email = ranString(5)+'@auto.com' .................................... skipped
* def city = tenantId.split(".")[0] ....................................... skipped
* def randomMobileNo = '9'+ randomMobileNumGen(9) ......................... skipped
* def invalidGender = randomNumber(3) ..................................... skipped
* eval profilePayload.user = hrmsResponseBody.Employees[0].user ........... skipped
* set profilePayload.user.id = randomNumber(3) ............................ skipped
* call read('../../core-services/pretests/eGovUserUpdatePretest.feature@errorInUpdateUserProfile') . skipped
* assert updatedUserprofileResponseBody.Errors[0].message == genericError.errorMessages.unhandledException . skipped
* def jsUtils = read('classpath:com/egov/utils/jsUtils.js') ............... passed
* call read('../../common-services/pretests/authenticationToken.feature@authTokenCounterEmployee') . failed

Stack Trace:
com.intuit.karate.exception.KarateException: -unknown-:5 - 
authenticationToken.feature:88 - status code was: 400, expected: 200, response time: 137, url: https://qa.digit.org/user/oauth/token, response: {"error_description":"Account locked","error":"invalid_request"}
	at ✽.* call read('../../common-services/pretests/authenticationToken.feature@authTokenCounterEmployee') (-unknown-:5)

* def code = counterEmployeeUsername ...................................... skipped
* call read('../../business-services/pretest/egovHrmsPretest.feature@searchEmployeeSuccessfullyWithMultipleEmployeeCodes') . skipped
* def profilePayload = read('../../core-services/requestPayload/user/update/updateUser.json') . skipped
* def errorMessage = read("../../core-services/constants/user.yaml") ...... skipped
* def genericError = read("../../common-services/constants/genericConstants.yaml") . skipped
* def username = ranString(10) ............................................ skipped
* def email = ranString(5)+'@auto.com' .................................... skipped
* def city = tenantId.split(".")[0] ....................................... skipped
* def randomMobileNo = '9'+ randomMobileNumGen(9) ......................... skipped
* def invalidGender = randomNumber(3) ..................................... skipped
* eval profilePayload.user = hrmsResponseBody.Employees[0].user ........... skipped
* set profilePayload.user.name = randomString(55) ......................... skipped
* call read('../../core-services/pretests/eGovUserUpdatePretest.feature@errorInUpdateUserProfile') . skipped
* assert updatedUserprofileResponseBody.Errors[0].message == errorMessage.errormessages.nameCharsSize . skipped</failure>
   </testcase>
</testsuite>
