<testsuite failures="0"
           name="com/egov/core-services/tests/location.feature"
           skipped="0"
           tests="6"
           time="0.995195">
   <testcase classname="com.egov.core-services.tests.location"
             name="Send a POST request for a given tenant Id to search for the location details"
             time="0.203598">
      <system-out>* def jsUtils = read('classpath:com/egov/utils/jsUtils.js') ............... passed
* def locationPayload = read('../../core-services/requestPayload/location/searchLocation.json') . passed
* def locationConstant = read('../../core-services/constants/location.yaml') . passed
* def commonConstants = read('../../common-services/constants/genericConstants.yaml') . passed
* def hierarchyTypeCode = mdmsCityEgovLocation.TenantBoundary[0].hierarchyType.code . passed
* def boundaryType = mdmsCityEgovLocation.TenantBoundary[0].boundary.children[0].children[0].children[0].label . passed
* call read('../../core-services/pretests/location.feature@searchLocationSuccessfully') . passed
* match searchLocationResponseBody == '#present' .......................... passed</system-out>
   </testcase>
   <testcase classname="com.egov.core-services.tests.location"
             name="Search for  location details without tenantId"
             time="0.136812">
      <system-out>* def jsUtils = read('classpath:com/egov/utils/jsUtils.js') ............... passed
* def locationPayload = read('../../core-services/requestPayload/location/searchLocation.json') . passed
* def locationConstant = read('../../core-services/constants/location.yaml') . passed
* def commonConstants = read('../../common-services/constants/genericConstants.yaml') . passed
* def hierarchyTypeCode = mdmsCityEgovLocation.TenantBoundary[0].hierarchyType.code . passed
* def boundaryType = mdmsCityEgovLocation.TenantBoundary[0].boundary.children[0].children[0].children[0].label . passed
* call read('../../core-services/pretests/location.feature@searchLocationSuccessfully') . passed
* match searchLocationResponseBody == '#present' .......................... passed
* def jsUtils = read('classpath:com/egov/utils/jsUtils.js') ............... passed
* def locationPayload = read('../../core-services/requestPayload/location/searchLocation.json') . passed
* def locationConstant = read('../../core-services/constants/location.yaml') . passed
* def commonConstants = read('../../common-services/constants/genericConstants.yaml') . passed
* def hierarchyTypeCode = mdmsCityEgovLocation.TenantBoundary[0].hierarchyType.code . passed
* def boundaryType = mdmsCityEgovLocation.TenantBoundary[0].boundary.children[0].children[0].children[0].label . passed
* call read('../../core-services/pretests/location.feature@searchLocationWithoutTenantIdError') . passed
* assert searchLocationResponseBody.Errors[0].message == locationConstant.errorMessages.noTenantId . passed</system-out>
   </testcase>
   <testcase classname="com.egov.core-services.tests.location"
             name="Send a POST request by passing  invalid/ non existent tenantId and search for the location details"
             time="0.200064">
      <system-out>* def jsUtils = read('classpath:com/egov/utils/jsUtils.js') ............... passed
* def locationPayload = read('../../core-services/requestPayload/location/searchLocation.json') . passed
* def locationConstant = read('../../core-services/constants/location.yaml') . passed
* def commonConstants = read('../../common-services/constants/genericConstants.yaml') . passed
* def hierarchyTypeCode = mdmsCityEgovLocation.TenantBoundary[0].hierarchyType.code . passed
* def boundaryType = mdmsCityEgovLocation.TenantBoundary[0].boundary.children[0].children[0].children[0].label . passed
* call read('../../core-services/pretests/location.feature@searchLocationSuccessfully') . passed
* match searchLocationResponseBody == '#present' .......................... passed
* def jsUtils = read('classpath:com/egov/utils/jsUtils.js') ............... passed
* def locationPayload = read('../../core-services/requestPayload/location/searchLocation.json') . passed
* def locationConstant = read('../../core-services/constants/location.yaml') . passed
* def commonConstants = read('../../common-services/constants/genericConstants.yaml') . passed
* def hierarchyTypeCode = mdmsCityEgovLocation.TenantBoundary[0].hierarchyType.code . passed
* def boundaryType = mdmsCityEgovLocation.TenantBoundary[0].boundary.children[0].children[0].children[0].label . passed
* call read('../../core-services/pretests/location.feature@searchLocationWithoutTenantIdError') . passed
* assert searchLocationResponseBody.Errors[0].message == locationConstant.errorMessages.noTenantId . passed
* def jsUtils = read('classpath:com/egov/utils/jsUtils.js') ............... passed
* def locationPayload = read('../../core-services/requestPayload/location/searchLocation.json') . passed
* def locationConstant = read('../../core-services/constants/location.yaml') . passed
* def commonConstants = read('../../common-services/constants/genericConstants.yaml') . passed
* def hierarchyTypeCode = mdmsCityEgovLocation.TenantBoundary[0].hierarchyType.code . passed
* def boundaryType = mdmsCityEgovLocation.TenantBoundary[0].boundary.children[0].children[0].children[0].label . passed
* def tenantId = commonConstants.invalidParameters.invalidTenantId ........ passed
* call read('../../core-services/pretests/location.feature@searchLocationSuccessfully') . passed
* match searchLocationResponseBody == '#present' .......................... passed</system-out>
   </testcase>
   <testcase classname="com.egov.core-services.tests.location"
             name="Send a POST request by passing Multiple hierarchyTypeCode and search for the location details for a particular Tenant"
             time="0.137953">
      <system-out>* def jsUtils = read('classpath:com/egov/utils/jsUtils.js') ............... passed
* def locationPayload = read('../../core-services/requestPayload/location/searchLocation.json') . passed
* def locationConstant = read('../../core-services/constants/location.yaml') . passed
* def commonConstants = read('../../common-services/constants/genericConstants.yaml') . passed
* def hierarchyTypeCode = mdmsCityEgovLocation.TenantBoundary[0].hierarchyType.code . passed
* def boundaryType = mdmsCityEgovLocation.TenantBoundary[0].boundary.children[0].children[0].children[0].label . passed
* call read('../../core-services/pretests/location.feature@searchLocationSuccessfully') . passed
* match searchLocationResponseBody == '#present' .......................... passed
* def jsUtils = read('classpath:com/egov/utils/jsUtils.js') ............... passed
* def locationPayload = read('../../core-services/requestPayload/location/searchLocation.json') . passed
* def locationConstant = read('../../core-services/constants/location.yaml') . passed
* def commonConstants = read('../../common-services/constants/genericConstants.yaml') . passed
* def hierarchyTypeCode = mdmsCityEgovLocation.TenantBoundary[0].hierarchyType.code . passed
* def boundaryType = mdmsCityEgovLocation.TenantBoundary[0].boundary.children[0].children[0].children[0].label . passed
* call read('../../core-services/pretests/location.feature@searchLocationWithoutTenantIdError') . passed
* assert searchLocationResponseBody.Errors[0].message == locationConstant.errorMessages.noTenantId . passed
* def jsUtils = read('classpath:com/egov/utils/jsUtils.js') ............... passed
* def locationPayload = read('../../core-services/requestPayload/location/searchLocation.json') . passed
* def locationConstant = read('../../core-services/constants/location.yaml') . passed
* def commonConstants = read('../../common-services/constants/genericConstants.yaml') . passed
* def hierarchyTypeCode = mdmsCityEgovLocation.TenantBoundary[0].hierarchyType.code . passed
* def boundaryType = mdmsCityEgovLocation.TenantBoundary[0].boundary.children[0].children[0].children[0].label . passed
* def tenantId = commonConstants.invalidParameters.invalidTenantId ........ passed
* call read('../../core-services/pretests/location.feature@searchLocationSuccessfully') . passed
* match searchLocationResponseBody == '#present' .......................... passed
* def jsUtils = read('classpath:com/egov/utils/jsUtils.js') ............... passed
* def locationPayload = read('../../core-services/requestPayload/location/searchLocation.json') . passed
* def locationConstant = read('../../core-services/constants/location.yaml') . passed
* def commonConstants = read('../../common-services/constants/genericConstants.yaml') . passed
* def hierarchyTypeCode = mdmsCityEgovLocation.TenantBoundary[0].hierarchyType.code + ',' + mdmsCityEgovLocation.TenantBoundary[1].hierarchyType.code . passed
* def boundaryType = mdmsCityEgovLocation.TenantBoundary[0].boundary.children[0].children[0].children[0].label . passed
* call read('../../core-services/pretests/location.feature@searchLocationSuccessfully') . passed
* match searchLocationResponseBody == '#present' .......................... passed</system-out>
   </testcase>
   <testcase classname="com.egov.core-services.tests.location"
             name="Search to fetch all the records for a particular tenant"
             time="0.166752">
      <system-out>* def jsUtils = read('classpath:com/egov/utils/jsUtils.js') ............... passed
* def locationPayload = read('../../core-services/requestPayload/location/searchLocation.json') . passed
* def locationConstant = read('../../core-services/constants/location.yaml') . passed
* def commonConstants = read('../../common-services/constants/genericConstants.yaml') . passed
* def hierarchyTypeCode = mdmsCityEgovLocation.TenantBoundary[0].hierarchyType.code . passed
* def boundaryType = mdmsCityEgovLocation.TenantBoundary[0].boundary.children[0].children[0].children[0].label . passed
* call read('../../core-services/pretests/location.feature@searchLocationSuccessfully') . passed
* match searchLocationResponseBody == '#present' .......................... passed
* def jsUtils = read('classpath:com/egov/utils/jsUtils.js') ............... passed
* def locationPayload = read('../../core-services/requestPayload/location/searchLocation.json') . passed
* def locationConstant = read('../../core-services/constants/location.yaml') . passed
* def commonConstants = read('../../common-services/constants/genericConstants.yaml') . passed
* def hierarchyTypeCode = mdmsCityEgovLocation.TenantBoundary[0].hierarchyType.code . passed
* def boundaryType = mdmsCityEgovLocation.TenantBoundary[0].boundary.children[0].children[0].children[0].label . passed
* call read('../../core-services/pretests/location.feature@searchLocationWithoutTenantIdError') . passed
* assert searchLocationResponseBody.Errors[0].message == locationConstant.errorMessages.noTenantId . passed
* def jsUtils = read('classpath:com/egov/utils/jsUtils.js') ............... passed
* def locationPayload = read('../../core-services/requestPayload/location/searchLocation.json') . passed
* def locationConstant = read('../../core-services/constants/location.yaml') . passed
* def commonConstants = read('../../common-services/constants/genericConstants.yaml') . passed
* def hierarchyTypeCode = mdmsCityEgovLocation.TenantBoundary[0].hierarchyType.code . passed
* def boundaryType = mdmsCityEgovLocation.TenantBoundary[0].boundary.children[0].children[0].children[0].label . passed
* def tenantId = commonConstants.invalidParameters.invalidTenantId ........ passed
* call read('../../core-services/pretests/location.feature@searchLocationSuccessfully') . passed
* match searchLocationResponseBody == '#present' .......................... passed
* def jsUtils = read('classpath:com/egov/utils/jsUtils.js') ............... passed
* def locationPayload = read('../../core-services/requestPayload/location/searchLocation.json') . passed
* def locationConstant = read('../../core-services/constants/location.yaml') . passed
* def commonConstants = read('../../common-services/constants/genericConstants.yaml') . passed
* def hierarchyTypeCode = mdmsCityEgovLocation.TenantBoundary[0].hierarchyType.code + ',' + mdmsCityEgovLocation.TenantBoundary[1].hierarchyType.code . passed
* def boundaryType = mdmsCityEgovLocation.TenantBoundary[0].boundary.children[0].children[0].children[0].label . passed
* call read('../../core-services/pretests/location.feature@searchLocationSuccessfully') . passed
* match searchLocationResponseBody == '#present' .......................... passed
* def jsUtils = read('classpath:com/egov/utils/jsUtils.js') ............... passed
* def locationPayload = read('../../core-services/requestPayload/location/searchLocation.json') . passed
* def locationConstant = read('../../core-services/constants/location.yaml') . passed
* def commonConstants = read('../../common-services/constants/genericConstants.yaml') . passed
* call read('../../core-services/pretests/location.feature@searchLocationSuccessfulyWithOnlyTenantId') . passed
* match searchLocationResponseBody == '#present' .......................... passed</system-out>
   </testcase>
   <testcase classname="com.egov.core-services.tests.location"
             name="Send a POST request by passing multiple tenants which are valid in the request"
             time="0.150016">
      <system-out>* def jsUtils = read('classpath:com/egov/utils/jsUtils.js') ............... passed
* def locationPayload = read('../../core-services/requestPayload/location/searchLocation.json') . passed
* def locationConstant = read('../../core-services/constants/location.yaml') . passed
* def commonConstants = read('../../common-services/constants/genericConstants.yaml') . passed
* def hierarchyTypeCode = mdmsCityEgovLocation.TenantBoundary[0].hierarchyType.code . passed
* def boundaryType = mdmsCityEgovLocation.TenantBoundary[0].boundary.children[0].children[0].children[0].label . passed
* call read('../../core-services/pretests/location.feature@searchLocationSuccessfully') . passed
* match searchLocationResponseBody == '#present' .......................... passed
* def jsUtils = read('classpath:com/egov/utils/jsUtils.js') ............... passed
* def locationPayload = read('../../core-services/requestPayload/location/searchLocation.json') . passed
* def locationConstant = read('../../core-services/constants/location.yaml') . passed
* def commonConstants = read('../../common-services/constants/genericConstants.yaml') . passed
* def hierarchyTypeCode = mdmsCityEgovLocation.TenantBoundary[0].hierarchyType.code . passed
* def boundaryType = mdmsCityEgovLocation.TenantBoundary[0].boundary.children[0].children[0].children[0].label . passed
* call read('../../core-services/pretests/location.feature@searchLocationWithoutTenantIdError') . passed
* assert searchLocationResponseBody.Errors[0].message == locationConstant.errorMessages.noTenantId . passed
* def jsUtils = read('classpath:com/egov/utils/jsUtils.js') ............... passed
* def locationPayload = read('../../core-services/requestPayload/location/searchLocation.json') . passed
* def locationConstant = read('../../core-services/constants/location.yaml') . passed
* def commonConstants = read('../../common-services/constants/genericConstants.yaml') . passed
* def hierarchyTypeCode = mdmsCityEgovLocation.TenantBoundary[0].hierarchyType.code . passed
* def boundaryType = mdmsCityEgovLocation.TenantBoundary[0].boundary.children[0].children[0].children[0].label . passed
* def tenantId = commonConstants.invalidParameters.invalidTenantId ........ passed
* call read('../../core-services/pretests/location.feature@searchLocationSuccessfully') . passed
* match searchLocationResponseBody == '#present' .......................... passed
* def jsUtils = read('classpath:com/egov/utils/jsUtils.js') ............... passed
* def locationPayload = read('../../core-services/requestPayload/location/searchLocation.json') . passed
* def locationConstant = read('../../core-services/constants/location.yaml') . passed
* def commonConstants = read('../../common-services/constants/genericConstants.yaml') . passed
* def hierarchyTypeCode = mdmsCityEgovLocation.TenantBoundary[0].hierarchyType.code + ',' + mdmsCityEgovLocation.TenantBoundary[1].hierarchyType.code . passed
* def boundaryType = mdmsCityEgovLocation.TenantBoundary[0].boundary.children[0].children[0].children[0].label . passed
* call read('../../core-services/pretests/location.feature@searchLocationSuccessfully') . passed
* match searchLocationResponseBody == '#present' .......................... passed
* def jsUtils = read('classpath:com/egov/utils/jsUtils.js') ............... passed
* def locationPayload = read('../../core-services/requestPayload/location/searchLocation.json') . passed
* def locationConstant = read('../../core-services/constants/location.yaml') . passed
* def commonConstants = read('../../common-services/constants/genericConstants.yaml') . passed
* call read('../../core-services/pretests/location.feature@searchLocationSuccessfulyWithOnlyTenantId') . passed
* match searchLocationResponseBody == '#present' .......................... passed
* def jsUtils = read('classpath:com/egov/utils/jsUtils.js') ............... passed
* def locationPayload = read('../../core-services/requestPayload/location/searchLocation.json') . passed
* def locationConstant = read('../../core-services/constants/location.yaml') . passed
* def commonConstants = read('../../common-services/constants/genericConstants.yaml') . passed
* def hierarchyTypeCode = mdmsCityEgovLocation.TenantBoundary[0].hierarchyType.code + ',' + mdmsCityEgovLocation.TenantBoundary[1].hierarchyType.code . passed
* def boundaryType = mdmsCityEgovLocation.TenantBoundary[0].boundary.children[0].children[0].children[0].label . passed
* def tenantId = mdmsCityTenant.tenants[1].code + ',' + mdmsCityTenant.tenants[3].code . passed
* call read('../../core-services/pretests/location.feature@searchLocationSuccessfully') . passed
* match searchLocationResponseBody == '#present' .......................... passed</system-out>
   </testcase>
</testsuite>
