<testsuite failures="2"
           name="com/egov/core-services/tests/mdmServiceGet.feature"
           skipped="0"
           tests="7"
           time="1.156817">
   <testcase classname="com.egov.core-services.tests.mdmServiceGet"
             name="Test to get MDMS details"
             time="0.202249">
      <system-out>* def jsUtils = read('classpath:com/egov/utils/jsUtils.js') ............... passed
* def mdmsServiceConstants = read('../../core-services/constants/mdmsServiceGet.yaml') . passed
* def moduleName = mdmsServiceConstants.parameters.moduleName ............. passed
* def masterName = mdmsServiceConstants.parameters.masterName ............. passed
* def mdmsParam = {moduleName: '#(moduleName.split(",")[0])',tenantId: '#(tenantId)',masterName: '#(masterName)'} . passed
* def serviceCode = mdmsServiceConstants.expectedResponse.serviceCode ..... passed
* def keywords = mdmsServiceConstants.expectedResponse.keywords ........... passed
* def department = mdmsServiceConstants.expectedResponse.department ....... passed
* def slaHours = mdmsServiceConstants.expectedResponse.slaHours ........... passed
* def menuPath = mdmsServiceConstants.expectedResponse.menuPath ........... passed
* def active = mdmsServiceConstants.expectedResponse.active ............... passed
* def order = mdmsServiceConstants.expectedResponse.order ................. passed
* call read('../../core-services/pretests/mdmsService.feature@getMdmsSuccessfully') . passed
* def mdmsResponseArray = getMdmsResponseBody.MdmsRes['RAINMAKER-PGR'].ServiceDefs . passed
* assert mdmsResponseArray.size() &gt; 0 ..................................... passed
* match  mdmsResponseArray[*].serviceCode contains ['#(serviceCode)'] ..... passed
* match  mdmsResponseArray[*].keywords contains ['#(keywords)'] ........... passed
* match  mdmsResponseArray[*].department contains ['#(department)'] ....... passed
* match  mdmsResponseArray[*].slaHours contains ['#(slaHours)'] ........... passed
* match  mdmsResponseArray[*].menuPath contains ['#(menuPath)'] ........... passed
* match  mdmsResponseArray[*].active contains ['#(active)'] ............... passed
* match  mdmsResponseArray[*].order contains ['#(order)'] ................. passed</system-out>
   </testcase>
   <testcase classname="com.egov.core-services.tests.mdmServiceGet"
             name="Test to get MDMS details with multiple module name"
             time="0.164248">
      <system-out>* def jsUtils = read('classpath:com/egov/utils/jsUtils.js') ............... passed
* def mdmsServiceConstants = read('../../core-services/constants/mdmsServiceGet.yaml') . passed
* def moduleName = mdmsServiceConstants.parameters.moduleName ............. passed
* def masterName = mdmsServiceConstants.parameters.masterName ............. passed
* def mdmsParam = {moduleName: '#(moduleName.split(",")[0])',tenantId: '#(tenantId)',masterName: '#(masterName)'} . passed
* def serviceCode = mdmsServiceConstants.expectedResponse.serviceCode ..... passed
* def keywords = mdmsServiceConstants.expectedResponse.keywords ........... passed
* def department = mdmsServiceConstants.expectedResponse.department ....... passed
* def slaHours = mdmsServiceConstants.expectedResponse.slaHours ........... passed
* def menuPath = mdmsServiceConstants.expectedResponse.menuPath ........... passed
* def active = mdmsServiceConstants.expectedResponse.active ............... passed
* def order = mdmsServiceConstants.expectedResponse.order ................. passed
* call read('../../core-services/pretests/mdmsService.feature@getMdmsSuccessfully') . passed
* def mdmsResponseArray = getMdmsResponseBody.MdmsRes['RAINMAKER-PGR'].ServiceDefs . passed
* assert mdmsResponseArray.size() &gt; 0 ..................................... passed
* match  mdmsResponseArray[*].serviceCode contains ['#(serviceCode)'] ..... passed
* match  mdmsResponseArray[*].keywords contains ['#(keywords)'] ........... passed
* match  mdmsResponseArray[*].department contains ['#(department)'] ....... passed
* match  mdmsResponseArray[*].slaHours contains ['#(slaHours)'] ........... passed
* match  mdmsResponseArray[*].menuPath contains ['#(menuPath)'] ........... passed
* match  mdmsResponseArray[*].active contains ['#(active)'] ............... passed
* match  mdmsResponseArray[*].order contains ['#(order)'] ................. passed
* def jsUtils = read('classpath:com/egov/utils/jsUtils.js') ............... passed
* def mdmsServiceConstants = read('../../core-services/constants/mdmsServiceGet.yaml') . passed
* def moduleName = mdmsServiceConstants.parameters.moduleName ............. passed
* def masterName = mdmsServiceConstants.parameters.masterName ............. passed
* def mdmsParam = {moduleName: '#(moduleName.split(",")[0])',tenantId: '#(tenantId)',masterName: '#(masterName)'} . passed
* def serviceCode = mdmsServiceConstants.expectedResponse.serviceCode ..... passed
* def keywords = mdmsServiceConstants.expectedResponse.keywords ........... passed
* def department = mdmsServiceConstants.expectedResponse.department ....... passed
* def slaHours = mdmsServiceConstants.expectedResponse.slaHours ........... passed
* def menuPath = mdmsServiceConstants.expectedResponse.menuPath ........... passed
* def active = mdmsServiceConstants.expectedResponse.active ............... passed
* def order = mdmsServiceConstants.expectedResponse.order ................. passed
* set mdmsParam.moduleName = moduleName ................................... passed
* call read('../../core-services/pretests/mdmsService.feature@getMdmsSuccessfully') . passed
* match getMdmsResponseBody.MdmsRes == {} ................................. passed</system-out>
   </testcase>
   <testcase classname="com.egov.core-services.tests.mdmServiceGet"
             name="Test to get MDMS details with no module name"
             time="0.153466">
      <system-out>* def jsUtils = read('classpath:com/egov/utils/jsUtils.js') ............... passed
* def mdmsServiceConstants = read('../../core-services/constants/mdmsServiceGet.yaml') . passed
* def moduleName = mdmsServiceConstants.parameters.moduleName ............. passed
* def masterName = mdmsServiceConstants.parameters.masterName ............. passed
* def mdmsParam = {moduleName: '#(moduleName.split(",")[0])',tenantId: '#(tenantId)',masterName: '#(masterName)'} . passed
* def serviceCode = mdmsServiceConstants.expectedResponse.serviceCode ..... passed
* def keywords = mdmsServiceConstants.expectedResponse.keywords ........... passed
* def department = mdmsServiceConstants.expectedResponse.department ....... passed
* def slaHours = mdmsServiceConstants.expectedResponse.slaHours ........... passed
* def menuPath = mdmsServiceConstants.expectedResponse.menuPath ........... passed
* def active = mdmsServiceConstants.expectedResponse.active ............... passed
* def order = mdmsServiceConstants.expectedResponse.order ................. passed
* call read('../../core-services/pretests/mdmsService.feature@getMdmsSuccessfully') . passed
* def mdmsResponseArray = getMdmsResponseBody.MdmsRes['RAINMAKER-PGR'].ServiceDefs . passed
* assert mdmsResponseArray.size() &gt; 0 ..................................... passed
* match  mdmsResponseArray[*].serviceCode contains ['#(serviceCode)'] ..... passed
* match  mdmsResponseArray[*].keywords contains ['#(keywords)'] ........... passed
* match  mdmsResponseArray[*].department contains ['#(department)'] ....... passed
* match  mdmsResponseArray[*].slaHours contains ['#(slaHours)'] ........... passed
* match  mdmsResponseArray[*].menuPath contains ['#(menuPath)'] ........... passed
* match  mdmsResponseArray[*].active contains ['#(active)'] ............... passed
* match  mdmsResponseArray[*].order contains ['#(order)'] ................. passed
* def jsUtils = read('classpath:com/egov/utils/jsUtils.js') ............... passed
* def mdmsServiceConstants = read('../../core-services/constants/mdmsServiceGet.yaml') . passed
* def moduleName = mdmsServiceConstants.parameters.moduleName ............. passed
* def masterName = mdmsServiceConstants.parameters.masterName ............. passed
* def mdmsParam = {moduleName: '#(moduleName.split(",")[0])',tenantId: '#(tenantId)',masterName: '#(masterName)'} . passed
* def serviceCode = mdmsServiceConstants.expectedResponse.serviceCode ..... passed
* def keywords = mdmsServiceConstants.expectedResponse.keywords ........... passed
* def department = mdmsServiceConstants.expectedResponse.department ....... passed
* def slaHours = mdmsServiceConstants.expectedResponse.slaHours ........... passed
* def menuPath = mdmsServiceConstants.expectedResponse.menuPath ........... passed
* def active = mdmsServiceConstants.expectedResponse.active ............... passed
* def order = mdmsServiceConstants.expectedResponse.order ................. passed
* set mdmsParam.moduleName = moduleName ................................... passed
* call read('../../core-services/pretests/mdmsService.feature@getMdmsSuccessfully') . passed
* match getMdmsResponseBody.MdmsRes == {} ................................. passed
* def jsUtils = read('classpath:com/egov/utils/jsUtils.js') ............... passed
* def mdmsServiceConstants = read('../../core-services/constants/mdmsServiceGet.yaml') . passed
* def moduleName = mdmsServiceConstants.parameters.moduleName ............. passed
* def masterName = mdmsServiceConstants.parameters.masterName ............. passed
* def mdmsParam = {moduleName: '#(moduleName.split(",")[0])',tenantId: '#(tenantId)',masterName: '#(masterName)'} . passed
* def serviceCode = mdmsServiceConstants.expectedResponse.serviceCode ..... passed
* def keywords = mdmsServiceConstants.expectedResponse.keywords ........... passed
* def department = mdmsServiceConstants.expectedResponse.department ....... passed
* def slaHours = mdmsServiceConstants.expectedResponse.slaHours ........... passed
* def menuPath = mdmsServiceConstants.expectedResponse.menuPath ........... passed
* def active = mdmsServiceConstants.expectedResponse.active ............... passed
* def order = mdmsServiceConstants.expectedResponse.order ................. passed
* def mdmsParam = {tenantId: '#(tenantId)',masterName: '#(masterName)'} ... passed
* call read('../../core-services/pretests/mdmsService.feature@ErrorInGetMdms') . passed
* match getMdmsResponseBody.Errors[0].message == mdmsServiceConstants.errorMessages.noModuleName.message . passed
* match getMdmsResponseBody.Errors[0].params[0] == mdmsServiceConstants.errorMessages.noModuleName.params . passed</system-out>
   </testcase>
   <testcase classname="com.egov.core-services.tests.mdmServiceGet"
             name="Test to get MDMS details with no module name"
             time="0.133284">
      <system-out>* def jsUtils = read('classpath:com/egov/utils/jsUtils.js') ............... passed
* def mdmsServiceConstants = read('../../core-services/constants/mdmsServiceGet.yaml') . passed
* def moduleName = mdmsServiceConstants.parameters.moduleName ............. passed
* def masterName = mdmsServiceConstants.parameters.masterName ............. passed
* def mdmsParam = {moduleName: '#(moduleName.split(",")[0])',tenantId: '#(tenantId)',masterName: '#(masterName)'} . passed
* def serviceCode = mdmsServiceConstants.expectedResponse.serviceCode ..... passed
* def keywords = mdmsServiceConstants.expectedResponse.keywords ........... passed
* def department = mdmsServiceConstants.expectedResponse.department ....... passed
* def slaHours = mdmsServiceConstants.expectedResponse.slaHours ........... passed
* def menuPath = mdmsServiceConstants.expectedResponse.menuPath ........... passed
* def active = mdmsServiceConstants.expectedResponse.active ............... passed
* def order = mdmsServiceConstants.expectedResponse.order ................. passed
* call read('../../core-services/pretests/mdmsService.feature@getMdmsSuccessfully') . passed
* def mdmsResponseArray = getMdmsResponseBody.MdmsRes['RAINMAKER-PGR'].ServiceDefs . passed
* assert mdmsResponseArray.size() &gt; 0 ..................................... passed
* match  mdmsResponseArray[*].serviceCode contains ['#(serviceCode)'] ..... passed
* match  mdmsResponseArray[*].keywords contains ['#(keywords)'] ........... passed
* match  mdmsResponseArray[*].department contains ['#(department)'] ....... passed
* match  mdmsResponseArray[*].slaHours contains ['#(slaHours)'] ........... passed
* match  mdmsResponseArray[*].menuPath contains ['#(menuPath)'] ........... passed
* match  mdmsResponseArray[*].active contains ['#(active)'] ............... passed
* match  mdmsResponseArray[*].order contains ['#(order)'] ................. passed
* def jsUtils = read('classpath:com/egov/utils/jsUtils.js') ............... passed
* def mdmsServiceConstants = read('../../core-services/constants/mdmsServiceGet.yaml') . passed
* def moduleName = mdmsServiceConstants.parameters.moduleName ............. passed
* def masterName = mdmsServiceConstants.parameters.masterName ............. passed
* def mdmsParam = {moduleName: '#(moduleName.split(",")[0])',tenantId: '#(tenantId)',masterName: '#(masterName)'} . passed
* def serviceCode = mdmsServiceConstants.expectedResponse.serviceCode ..... passed
* def keywords = mdmsServiceConstants.expectedResponse.keywords ........... passed
* def department = mdmsServiceConstants.expectedResponse.department ....... passed
* def slaHours = mdmsServiceConstants.expectedResponse.slaHours ........... passed
* def menuPath = mdmsServiceConstants.expectedResponse.menuPath ........... passed
* def active = mdmsServiceConstants.expectedResponse.active ............... passed
* def order = mdmsServiceConstants.expectedResponse.order ................. passed
* set mdmsParam.moduleName = moduleName ................................... passed
* call read('../../core-services/pretests/mdmsService.feature@getMdmsSuccessfully') . passed
* match getMdmsResponseBody.MdmsRes == {} ................................. passed
* def jsUtils = read('classpath:com/egov/utils/jsUtils.js') ............... passed
* def mdmsServiceConstants = read('../../core-services/constants/mdmsServiceGet.yaml') . passed
* def moduleName = mdmsServiceConstants.parameters.moduleName ............. passed
* def masterName = mdmsServiceConstants.parameters.masterName ............. passed
* def mdmsParam = {moduleName: '#(moduleName.split(",")[0])',tenantId: '#(tenantId)',masterName: '#(masterName)'} . passed
* def serviceCode = mdmsServiceConstants.expectedResponse.serviceCode ..... passed
* def keywords = mdmsServiceConstants.expectedResponse.keywords ........... passed
* def department = mdmsServiceConstants.expectedResponse.department ....... passed
* def slaHours = mdmsServiceConstants.expectedResponse.slaHours ........... passed
* def menuPath = mdmsServiceConstants.expectedResponse.menuPath ........... passed
* def active = mdmsServiceConstants.expectedResponse.active ............... passed
* def order = mdmsServiceConstants.expectedResponse.order ................. passed
* def mdmsParam = {tenantId: '#(tenantId)',masterName: '#(masterName)'} ... passed
* call read('../../core-services/pretests/mdmsService.feature@ErrorInGetMdms') . passed
* match getMdmsResponseBody.Errors[0].message == mdmsServiceConstants.errorMessages.noModuleName.message . passed
* match getMdmsResponseBody.Errors[0].params[0] == mdmsServiceConstants.errorMessages.noModuleName.params . passed
* def jsUtils = read('classpath:com/egov/utils/jsUtils.js') ............... passed
* def mdmsServiceConstants = read('../../core-services/constants/mdmsServiceGet.yaml') . passed
* def moduleName = mdmsServiceConstants.parameters.moduleName ............. passed
* def masterName = mdmsServiceConstants.parameters.masterName ............. passed
* def mdmsParam = {moduleName: '#(moduleName.split(",")[0])',tenantId: '#(tenantId)',masterName: '#(masterName)'} . passed
* def serviceCode = mdmsServiceConstants.expectedResponse.serviceCode ..... passed
* def keywords = mdmsServiceConstants.expectedResponse.keywords ........... passed
* def department = mdmsServiceConstants.expectedResponse.department ....... passed
* def slaHours = mdmsServiceConstants.expectedResponse.slaHours ........... passed
* def menuPath = mdmsServiceConstants.expectedResponse.menuPath ........... passed
* def active = mdmsServiceConstants.expectedResponse.active ............... passed
* def order = mdmsServiceConstants.expectedResponse.order ................. passed
* def mdmsParam = {moduleName: '#(moduleName.split(",")[0])',tenantId: '#(tenantId)'} . passed
* call read('../../core-services/pretests/mdmsService.feature@ErrorInGetMdms') . passed
* match getMdmsResponseBody.Errors[0].message == mdmsServiceConstants.errorMessages.noMasterName.message . passed
* match getMdmsResponseBody.Errors[0].params[0] == mdmsServiceConstants.errorMessages.noMasterName.params . passed</system-out>
   </testcase>
   <testcase classname="com.egov.core-services.tests.mdmServiceGet"
             name="Test to get MDMS details with no tenant Id"
             time="0.160986">
      <system-out>* def jsUtils = read('classpath:com/egov/utils/jsUtils.js') ............... passed
* def mdmsServiceConstants = read('../../core-services/constants/mdmsServiceGet.yaml') . passed
* def moduleName = mdmsServiceConstants.parameters.moduleName ............. passed
* def masterName = mdmsServiceConstants.parameters.masterName ............. passed
* def mdmsParam = {moduleName: '#(moduleName.split(",")[0])',tenantId: '#(tenantId)',masterName: '#(masterName)'} . passed
* def serviceCode = mdmsServiceConstants.expectedResponse.serviceCode ..... passed
* def keywords = mdmsServiceConstants.expectedResponse.keywords ........... passed
* def department = mdmsServiceConstants.expectedResponse.department ....... passed
* def slaHours = mdmsServiceConstants.expectedResponse.slaHours ........... passed
* def menuPath = mdmsServiceConstants.expectedResponse.menuPath ........... passed
* def active = mdmsServiceConstants.expectedResponse.active ............... passed
* def order = mdmsServiceConstants.expectedResponse.order ................. passed
* call read('../../core-services/pretests/mdmsService.feature@getMdmsSuccessfully') . passed
* def mdmsResponseArray = getMdmsResponseBody.MdmsRes['RAINMAKER-PGR'].ServiceDefs . passed
* assert mdmsResponseArray.size() &gt; 0 ..................................... passed
* match  mdmsResponseArray[*].serviceCode contains ['#(serviceCode)'] ..... passed
* match  mdmsResponseArray[*].keywords contains ['#(keywords)'] ........... passed
* match  mdmsResponseArray[*].department contains ['#(department)'] ....... passed
* match  mdmsResponseArray[*].slaHours contains ['#(slaHours)'] ........... passed
* match  mdmsResponseArray[*].menuPath contains ['#(menuPath)'] ........... passed
* match  mdmsResponseArray[*].active contains ['#(active)'] ............... passed
* match  mdmsResponseArray[*].order contains ['#(order)'] ................. passed
* def jsUtils = read('classpath:com/egov/utils/jsUtils.js') ............... passed
* def mdmsServiceConstants = read('../../core-services/constants/mdmsServiceGet.yaml') . passed
* def moduleName = mdmsServiceConstants.parameters.moduleName ............. passed
* def masterName = mdmsServiceConstants.parameters.masterName ............. passed
* def mdmsParam = {moduleName: '#(moduleName.split(",")[0])',tenantId: '#(tenantId)',masterName: '#(masterName)'} . passed
* def serviceCode = mdmsServiceConstants.expectedResponse.serviceCode ..... passed
* def keywords = mdmsServiceConstants.expectedResponse.keywords ........... passed
* def department = mdmsServiceConstants.expectedResponse.department ....... passed
* def slaHours = mdmsServiceConstants.expectedResponse.slaHours ........... passed
* def menuPath = mdmsServiceConstants.expectedResponse.menuPath ........... passed
* def active = mdmsServiceConstants.expectedResponse.active ............... passed
* def order = mdmsServiceConstants.expectedResponse.order ................. passed
* set mdmsParam.moduleName = moduleName ................................... passed
* call read('../../core-services/pretests/mdmsService.feature@getMdmsSuccessfully') . passed
* match getMdmsResponseBody.MdmsRes == {} ................................. passed
* def jsUtils = read('classpath:com/egov/utils/jsUtils.js') ............... passed
* def mdmsServiceConstants = read('../../core-services/constants/mdmsServiceGet.yaml') . passed
* def moduleName = mdmsServiceConstants.parameters.moduleName ............. passed
* def masterName = mdmsServiceConstants.parameters.masterName ............. passed
* def mdmsParam = {moduleName: '#(moduleName.split(",")[0])',tenantId: '#(tenantId)',masterName: '#(masterName)'} . passed
* def serviceCode = mdmsServiceConstants.expectedResponse.serviceCode ..... passed
* def keywords = mdmsServiceConstants.expectedResponse.keywords ........... passed
* def department = mdmsServiceConstants.expectedResponse.department ....... passed
* def slaHours = mdmsServiceConstants.expectedResponse.slaHours ........... passed
* def menuPath = mdmsServiceConstants.expectedResponse.menuPath ........... passed
* def active = mdmsServiceConstants.expectedResponse.active ............... passed
* def order = mdmsServiceConstants.expectedResponse.order ................. passed
* def mdmsParam = {tenantId: '#(tenantId)',masterName: '#(masterName)'} ... passed
* call read('../../core-services/pretests/mdmsService.feature@ErrorInGetMdms') . passed
* match getMdmsResponseBody.Errors[0].message == mdmsServiceConstants.errorMessages.noModuleName.message . passed
* match getMdmsResponseBody.Errors[0].params[0] == mdmsServiceConstants.errorMessages.noModuleName.params . passed
* def jsUtils = read('classpath:com/egov/utils/jsUtils.js') ............... passed
* def mdmsServiceConstants = read('../../core-services/constants/mdmsServiceGet.yaml') . passed
* def moduleName = mdmsServiceConstants.parameters.moduleName ............. passed
* def masterName = mdmsServiceConstants.parameters.masterName ............. passed
* def mdmsParam = {moduleName: '#(moduleName.split(",")[0])',tenantId: '#(tenantId)',masterName: '#(masterName)'} . passed
* def serviceCode = mdmsServiceConstants.expectedResponse.serviceCode ..... passed
* def keywords = mdmsServiceConstants.expectedResponse.keywords ........... passed
* def department = mdmsServiceConstants.expectedResponse.department ....... passed
* def slaHours = mdmsServiceConstants.expectedResponse.slaHours ........... passed
* def menuPath = mdmsServiceConstants.expectedResponse.menuPath ........... passed
* def active = mdmsServiceConstants.expectedResponse.active ............... passed
* def order = mdmsServiceConstants.expectedResponse.order ................. passed
* def mdmsParam = {moduleName: '#(moduleName.split(",")[0])',tenantId: '#(tenantId)'} . passed
* call read('../../core-services/pretests/mdmsService.feature@ErrorInGetMdms') . passed
* match getMdmsResponseBody.Errors[0].message == mdmsServiceConstants.errorMessages.noMasterName.message . passed
* match getMdmsResponseBody.Errors[0].params[0] == mdmsServiceConstants.errorMessages.noMasterName.params . passed
* def jsUtils = read('classpath:com/egov/utils/jsUtils.js') ............... passed
* def mdmsServiceConstants = read('../../core-services/constants/mdmsServiceGet.yaml') . passed
* def moduleName = mdmsServiceConstants.parameters.moduleName ............. passed
* def masterName = mdmsServiceConstants.parameters.masterName ............. passed
* def mdmsParam = {moduleName: '#(moduleName.split(",")[0])',tenantId: '#(tenantId)',masterName: '#(masterName)'} . passed
* def serviceCode = mdmsServiceConstants.expectedResponse.serviceCode ..... passed
* def keywords = mdmsServiceConstants.expectedResponse.keywords ........... passed
* def department = mdmsServiceConstants.expectedResponse.department ....... passed
* def slaHours = mdmsServiceConstants.expectedResponse.slaHours ........... passed
* def menuPath = mdmsServiceConstants.expectedResponse.menuPath ........... passed
* def active = mdmsServiceConstants.expectedResponse.active ............... passed
* def order = mdmsServiceConstants.expectedResponse.order ................. passed
* set mdmsParam.tenantId = null ........................................... passed
* call read('../../core-services/pretests/mdmsService.feature@ErrorInGetMdms') . passed
* match getMdmsResponseBody.Errors[0].message == mdmsServiceConstants.errorMessages.noTenantId.message . passed
* match getMdmsResponseBody.Errors[0].params[0] == mdmsServiceConstants.errorMessages.noTenantId.params . passed</system-out>
   </testcase>
   <testcase classname="com.egov.core-services.tests.mdmServiceGet"
             name="Test to get MDMS details with invalid tenant ID"
             time="0.14156">
      <failure message="mdmServiceGet.feature:67 - &#xA;mdmsService.feature:78 - status code was: 403, expected: 400, response time: 120, url: https://qa.digit.org/egov-mdms-service/v1/_get?moduleName=RAINMAKER-PGR&amp;tenantId=invalid_kunqw&amp;masterName=ServiceDefs, response: {&#34;ResponseInfo&#34;:null,&#34;Errors&#34;:[{&#34;code&#34;:&#34;CustomException&#34;,&#34;description&#34;:&#34;Not authorized to access this resource&#34;,&#34;message&#34;:&#34;Not authorized to access this resource&#34;,&#34;params&#34;:null}]}">* def jsUtils = read('classpath:com/egov/utils/jsUtils.js') ............... passed
* def mdmsServiceConstants = read('../../core-services/constants/mdmsServiceGet.yaml') . passed
* def moduleName = mdmsServiceConstants.parameters.moduleName ............. passed
* def masterName = mdmsServiceConstants.parameters.masterName ............. passed
* def mdmsParam = {moduleName: '#(moduleName.split(",")[0])',tenantId: '#(tenantId)',masterName: '#(masterName)'} . passed
* def serviceCode = mdmsServiceConstants.expectedResponse.serviceCode ..... passed
* def keywords = mdmsServiceConstants.expectedResponse.keywords ........... passed
* def department = mdmsServiceConstants.expectedResponse.department ....... passed
* def slaHours = mdmsServiceConstants.expectedResponse.slaHours ........... passed
* def menuPath = mdmsServiceConstants.expectedResponse.menuPath ........... passed
* def active = mdmsServiceConstants.expectedResponse.active ............... passed
* def order = mdmsServiceConstants.expectedResponse.order ................. passed
* call read('../../core-services/pretests/mdmsService.feature@getMdmsSuccessfully') . passed
* def mdmsResponseArray = getMdmsResponseBody.MdmsRes['RAINMAKER-PGR'].ServiceDefs . passed
* assert mdmsResponseArray.size() &gt; 0 ..................................... passed
* match  mdmsResponseArray[*].serviceCode contains ['#(serviceCode)'] ..... passed
* match  mdmsResponseArray[*].keywords contains ['#(keywords)'] ........... passed
* match  mdmsResponseArray[*].department contains ['#(department)'] ....... passed
* match  mdmsResponseArray[*].slaHours contains ['#(slaHours)'] ........... passed
* match  mdmsResponseArray[*].menuPath contains ['#(menuPath)'] ........... passed
* match  mdmsResponseArray[*].active contains ['#(active)'] ............... passed
* match  mdmsResponseArray[*].order contains ['#(order)'] ................. passed
* def jsUtils = read('classpath:com/egov/utils/jsUtils.js') ............... passed
* def mdmsServiceConstants = read('../../core-services/constants/mdmsServiceGet.yaml') . passed
* def moduleName = mdmsServiceConstants.parameters.moduleName ............. passed
* def masterName = mdmsServiceConstants.parameters.masterName ............. passed
* def mdmsParam = {moduleName: '#(moduleName.split(",")[0])',tenantId: '#(tenantId)',masterName: '#(masterName)'} . passed
* def serviceCode = mdmsServiceConstants.expectedResponse.serviceCode ..... passed
* def keywords = mdmsServiceConstants.expectedResponse.keywords ........... passed
* def department = mdmsServiceConstants.expectedResponse.department ....... passed
* def slaHours = mdmsServiceConstants.expectedResponse.slaHours ........... passed
* def menuPath = mdmsServiceConstants.expectedResponse.menuPath ........... passed
* def active = mdmsServiceConstants.expectedResponse.active ............... passed
* def order = mdmsServiceConstants.expectedResponse.order ................. passed
* set mdmsParam.moduleName = moduleName ................................... passed
* call read('../../core-services/pretests/mdmsService.feature@getMdmsSuccessfully') . passed
* match getMdmsResponseBody.MdmsRes == {} ................................. passed
* def jsUtils = read('classpath:com/egov/utils/jsUtils.js') ............... passed
* def mdmsServiceConstants = read('../../core-services/constants/mdmsServiceGet.yaml') . passed
* def moduleName = mdmsServiceConstants.parameters.moduleName ............. passed
* def masterName = mdmsServiceConstants.parameters.masterName ............. passed
* def mdmsParam = {moduleName: '#(moduleName.split(",")[0])',tenantId: '#(tenantId)',masterName: '#(masterName)'} . passed
* def serviceCode = mdmsServiceConstants.expectedResponse.serviceCode ..... passed
* def keywords = mdmsServiceConstants.expectedResponse.keywords ........... passed
* def department = mdmsServiceConstants.expectedResponse.department ....... passed
* def slaHours = mdmsServiceConstants.expectedResponse.slaHours ........... passed
* def menuPath = mdmsServiceConstants.expectedResponse.menuPath ........... passed
* def active = mdmsServiceConstants.expectedResponse.active ............... passed
* def order = mdmsServiceConstants.expectedResponse.order ................. passed
* def mdmsParam = {tenantId: '#(tenantId)',masterName: '#(masterName)'} ... passed
* call read('../../core-services/pretests/mdmsService.feature@ErrorInGetMdms') . passed
* match getMdmsResponseBody.Errors[0].message == mdmsServiceConstants.errorMessages.noModuleName.message . passed
* match getMdmsResponseBody.Errors[0].params[0] == mdmsServiceConstants.errorMessages.noModuleName.params . passed
* def jsUtils = read('classpath:com/egov/utils/jsUtils.js') ............... passed
* def mdmsServiceConstants = read('../../core-services/constants/mdmsServiceGet.yaml') . passed
* def moduleName = mdmsServiceConstants.parameters.moduleName ............. passed
* def masterName = mdmsServiceConstants.parameters.masterName ............. passed
* def mdmsParam = {moduleName: '#(moduleName.split(",")[0])',tenantId: '#(tenantId)',masterName: '#(masterName)'} . passed
* def serviceCode = mdmsServiceConstants.expectedResponse.serviceCode ..... passed
* def keywords = mdmsServiceConstants.expectedResponse.keywords ........... passed
* def department = mdmsServiceConstants.expectedResponse.department ....... passed
* def slaHours = mdmsServiceConstants.expectedResponse.slaHours ........... passed
* def menuPath = mdmsServiceConstants.expectedResponse.menuPath ........... passed
* def active = mdmsServiceConstants.expectedResponse.active ............... passed
* def order = mdmsServiceConstants.expectedResponse.order ................. passed
* def mdmsParam = {moduleName: '#(moduleName.split(",")[0])',tenantId: '#(tenantId)'} . passed
* call read('../../core-services/pretests/mdmsService.feature@ErrorInGetMdms') . passed
* match getMdmsResponseBody.Errors[0].message == mdmsServiceConstants.errorMessages.noMasterName.message . passed
* match getMdmsResponseBody.Errors[0].params[0] == mdmsServiceConstants.errorMessages.noMasterName.params . passed
* def jsUtils = read('classpath:com/egov/utils/jsUtils.js') ............... passed
* def mdmsServiceConstants = read('../../core-services/constants/mdmsServiceGet.yaml') . passed
* def moduleName = mdmsServiceConstants.parameters.moduleName ............. passed
* def masterName = mdmsServiceConstants.parameters.masterName ............. passed
* def mdmsParam = {moduleName: '#(moduleName.split(",")[0])',tenantId: '#(tenantId)',masterName: '#(masterName)'} . passed
* def serviceCode = mdmsServiceConstants.expectedResponse.serviceCode ..... passed
* def keywords = mdmsServiceConstants.expectedResponse.keywords ........... passed
* def department = mdmsServiceConstants.expectedResponse.department ....... passed
* def slaHours = mdmsServiceConstants.expectedResponse.slaHours ........... passed
* def menuPath = mdmsServiceConstants.expectedResponse.menuPath ........... passed
* def active = mdmsServiceConstants.expectedResponse.active ............... passed
* def order = mdmsServiceConstants.expectedResponse.order ................. passed
* set mdmsParam.tenantId = null ........................................... passed
* call read('../../core-services/pretests/mdmsService.feature@ErrorInGetMdms') . passed
* match getMdmsResponseBody.Errors[0].message == mdmsServiceConstants.errorMessages.noTenantId.message . passed
* match getMdmsResponseBody.Errors[0].params[0] == mdmsServiceConstants.errorMessages.noTenantId.params . passed
* def jsUtils = read('classpath:com/egov/utils/jsUtils.js') ............... passed
* def mdmsServiceConstants = read('../../core-services/constants/mdmsServiceGet.yaml') . passed
* def moduleName = mdmsServiceConstants.parameters.moduleName ............. passed
* def masterName = mdmsServiceConstants.parameters.masterName ............. passed
* def mdmsParam = {moduleName: '#(moduleName.split(",")[0])',tenantId: '#(tenantId)',masterName: '#(masterName)'} . passed
* def serviceCode = mdmsServiceConstants.expectedResponse.serviceCode ..... passed
* def keywords = mdmsServiceConstants.expectedResponse.keywords ........... passed
* def department = mdmsServiceConstants.expectedResponse.department ....... passed
* def slaHours = mdmsServiceConstants.expectedResponse.slaHours ........... passed
* def menuPath = mdmsServiceConstants.expectedResponse.menuPath ........... passed
* def active = mdmsServiceConstants.expectedResponse.active ............... passed
* def order = mdmsServiceConstants.expectedResponse.order ................. passed
* set mdmsParam.tenantId = 'invalid_'+ ranString(5) ....................... passed
* call read('../../core-services/pretests/mdmsService.feature@ErrorInGetMdms') . failed

Stack Trace:
com.intuit.karate.exception.KarateException: mdmServiceGet.feature:67 - 
mdmsService.feature:78 - status code was: 403, expected: 400, response time: 120, url: https://qa.digit.org/egov-mdms-service/v1/_get?moduleName=RAINMAKER-PGR&amp;tenantId=invalid_kunqw&amp;masterName=ServiceDefs, response: {"ResponseInfo":null,"Errors":[{"code":"CustomException","description":"Not authorized to access this resource","message":"Not authorized to access this resource","params":null}]}
	at ✽.* call read('../../core-services/pretests/mdmsService.feature@ErrorInGetMdms') (mdmServiceGet.feature:67)

* assert getMdmsResponseBody.Errors[0].message == mdmsServiceConstants.errorMessages.invalidTenantId.message || getMdmsResponseBody.Errors[0].message == mdmsServiceConstants.errorMessages.invalidTenantId.messageQa . skipped
* assert getMdmsResponseBody.Errors[0].code == mdmsServiceConstants.errorMessages.invalidTenantId.code || getMdmsResponseBody.Errors[0].code == mdmsServiceConstants.errorMessages.invalidTenantId.codeQa . skipped</failure>
   </testcase>
   <testcase classname="com.egov.core-services.tests.mdmServiceGet"
             name="Test to get MDMS details with invalid module name and service name"
             time="0.201023">
      <failure message="mdmServiceGet.feature:77 - &#xA;mdmsService.feature:78 - status code was: 200, expected: 400, response time: 110, url: https://qa.digit.org/egov-mdms-service/v1/_get?moduleName=invalid_culyz&amp;tenantId=pb.amritsar&amp;masterName=invalid_vcaod, response: {&#34;ResponseInfo&#34;:null,&#34;MdmsRes&#34;:{}}">* def jsUtils = read('classpath:com/egov/utils/jsUtils.js') ............... passed
* def mdmsServiceConstants = read('../../core-services/constants/mdmsServiceGet.yaml') . passed
* def moduleName = mdmsServiceConstants.parameters.moduleName ............. passed
* def masterName = mdmsServiceConstants.parameters.masterName ............. passed
* def mdmsParam = {moduleName: '#(moduleName.split(",")[0])',tenantId: '#(tenantId)',masterName: '#(masterName)'} . passed
* def serviceCode = mdmsServiceConstants.expectedResponse.serviceCode ..... passed
* def keywords = mdmsServiceConstants.expectedResponse.keywords ........... passed
* def department = mdmsServiceConstants.expectedResponse.department ....... passed
* def slaHours = mdmsServiceConstants.expectedResponse.slaHours ........... passed
* def menuPath = mdmsServiceConstants.expectedResponse.menuPath ........... passed
* def active = mdmsServiceConstants.expectedResponse.active ............... passed
* def order = mdmsServiceConstants.expectedResponse.order ................. passed
* call read('../../core-services/pretests/mdmsService.feature@getMdmsSuccessfully') . passed
* def mdmsResponseArray = getMdmsResponseBody.MdmsRes['RAINMAKER-PGR'].ServiceDefs . passed
* assert mdmsResponseArray.size() &gt; 0 ..................................... passed
* match  mdmsResponseArray[*].serviceCode contains ['#(serviceCode)'] ..... passed
* match  mdmsResponseArray[*].keywords contains ['#(keywords)'] ........... passed
* match  mdmsResponseArray[*].department contains ['#(department)'] ....... passed
* match  mdmsResponseArray[*].slaHours contains ['#(slaHours)'] ........... passed
* match  mdmsResponseArray[*].menuPath contains ['#(menuPath)'] ........... passed
* match  mdmsResponseArray[*].active contains ['#(active)'] ............... passed
* match  mdmsResponseArray[*].order contains ['#(order)'] ................. passed
* def jsUtils = read('classpath:com/egov/utils/jsUtils.js') ............... passed
* def mdmsServiceConstants = read('../../core-services/constants/mdmsServiceGet.yaml') . passed
* def moduleName = mdmsServiceConstants.parameters.moduleName ............. passed
* def masterName = mdmsServiceConstants.parameters.masterName ............. passed
* def mdmsParam = {moduleName: '#(moduleName.split(",")[0])',tenantId: '#(tenantId)',masterName: '#(masterName)'} . passed
* def serviceCode = mdmsServiceConstants.expectedResponse.serviceCode ..... passed
* def keywords = mdmsServiceConstants.expectedResponse.keywords ........... passed
* def department = mdmsServiceConstants.expectedResponse.department ....... passed
* def slaHours = mdmsServiceConstants.expectedResponse.slaHours ........... passed
* def menuPath = mdmsServiceConstants.expectedResponse.menuPath ........... passed
* def active = mdmsServiceConstants.expectedResponse.active ............... passed
* def order = mdmsServiceConstants.expectedResponse.order ................. passed
* set mdmsParam.moduleName = moduleName ................................... passed
* call read('../../core-services/pretests/mdmsService.feature@getMdmsSuccessfully') . passed
* match getMdmsResponseBody.MdmsRes == {} ................................. passed
* def jsUtils = read('classpath:com/egov/utils/jsUtils.js') ............... passed
* def mdmsServiceConstants = read('../../core-services/constants/mdmsServiceGet.yaml') . passed
* def moduleName = mdmsServiceConstants.parameters.moduleName ............. passed
* def masterName = mdmsServiceConstants.parameters.masterName ............. passed
* def mdmsParam = {moduleName: '#(moduleName.split(",")[0])',tenantId: '#(tenantId)',masterName: '#(masterName)'} . passed
* def serviceCode = mdmsServiceConstants.expectedResponse.serviceCode ..... passed
* def keywords = mdmsServiceConstants.expectedResponse.keywords ........... passed
* def department = mdmsServiceConstants.expectedResponse.department ....... passed
* def slaHours = mdmsServiceConstants.expectedResponse.slaHours ........... passed
* def menuPath = mdmsServiceConstants.expectedResponse.menuPath ........... passed
* def active = mdmsServiceConstants.expectedResponse.active ............... passed
* def order = mdmsServiceConstants.expectedResponse.order ................. passed
* def mdmsParam = {tenantId: '#(tenantId)',masterName: '#(masterName)'} ... passed
* call read('../../core-services/pretests/mdmsService.feature@ErrorInGetMdms') . passed
* match getMdmsResponseBody.Errors[0].message == mdmsServiceConstants.errorMessages.noModuleName.message . passed
* match getMdmsResponseBody.Errors[0].params[0] == mdmsServiceConstants.errorMessages.noModuleName.params . passed
* def jsUtils = read('classpath:com/egov/utils/jsUtils.js') ............... passed
* def mdmsServiceConstants = read('../../core-services/constants/mdmsServiceGet.yaml') . passed
* def moduleName = mdmsServiceConstants.parameters.moduleName ............. passed
* def masterName = mdmsServiceConstants.parameters.masterName ............. passed
* def mdmsParam = {moduleName: '#(moduleName.split(",")[0])',tenantId: '#(tenantId)',masterName: '#(masterName)'} . passed
* def serviceCode = mdmsServiceConstants.expectedResponse.serviceCode ..... passed
* def keywords = mdmsServiceConstants.expectedResponse.keywords ........... passed
* def department = mdmsServiceConstants.expectedResponse.department ....... passed
* def slaHours = mdmsServiceConstants.expectedResponse.slaHours ........... passed
* def menuPath = mdmsServiceConstants.expectedResponse.menuPath ........... passed
* def active = mdmsServiceConstants.expectedResponse.active ............... passed
* def order = mdmsServiceConstants.expectedResponse.order ................. passed
* def mdmsParam = {moduleName: '#(moduleName.split(",")[0])',tenantId: '#(tenantId)'} . passed
* call read('../../core-services/pretests/mdmsService.feature@ErrorInGetMdms') . passed
* match getMdmsResponseBody.Errors[0].message == mdmsServiceConstants.errorMessages.noMasterName.message . passed
* match getMdmsResponseBody.Errors[0].params[0] == mdmsServiceConstants.errorMessages.noMasterName.params . passed
* def jsUtils = read('classpath:com/egov/utils/jsUtils.js') ............... passed
* def mdmsServiceConstants = read('../../core-services/constants/mdmsServiceGet.yaml') . passed
* def moduleName = mdmsServiceConstants.parameters.moduleName ............. passed
* def masterName = mdmsServiceConstants.parameters.masterName ............. passed
* def mdmsParam = {moduleName: '#(moduleName.split(",")[0])',tenantId: '#(tenantId)',masterName: '#(masterName)'} . passed
* def serviceCode = mdmsServiceConstants.expectedResponse.serviceCode ..... passed
* def keywords = mdmsServiceConstants.expectedResponse.keywords ........... passed
* def department = mdmsServiceConstants.expectedResponse.department ....... passed
* def slaHours = mdmsServiceConstants.expectedResponse.slaHours ........... passed
* def menuPath = mdmsServiceConstants.expectedResponse.menuPath ........... passed
* def active = mdmsServiceConstants.expectedResponse.active ............... passed
* def order = mdmsServiceConstants.expectedResponse.order ................. passed
* set mdmsParam.tenantId = null ........................................... passed
* call read('../../core-services/pretests/mdmsService.feature@ErrorInGetMdms') . passed
* match getMdmsResponseBody.Errors[0].message == mdmsServiceConstants.errorMessages.noTenantId.message . passed
* match getMdmsResponseBody.Errors[0].params[0] == mdmsServiceConstants.errorMessages.noTenantId.params . passed
* def jsUtils = read('classpath:com/egov/utils/jsUtils.js') ............... passed
* def mdmsServiceConstants = read('../../core-services/constants/mdmsServiceGet.yaml') . passed
* def moduleName = mdmsServiceConstants.parameters.moduleName ............. passed
* def masterName = mdmsServiceConstants.parameters.masterName ............. passed
* def mdmsParam = {moduleName: '#(moduleName.split(",")[0])',tenantId: '#(tenantId)',masterName: '#(masterName)'} . passed
* def serviceCode = mdmsServiceConstants.expectedResponse.serviceCode ..... passed
* def keywords = mdmsServiceConstants.expectedResponse.keywords ........... passed
* def department = mdmsServiceConstants.expectedResponse.department ....... passed
* def slaHours = mdmsServiceConstants.expectedResponse.slaHours ........... passed
* def menuPath = mdmsServiceConstants.expectedResponse.menuPath ........... passed
* def active = mdmsServiceConstants.expectedResponse.active ............... passed
* def order = mdmsServiceConstants.expectedResponse.order ................. passed
* set mdmsParam.tenantId = 'invalid_'+ ranString(5) ....................... passed
* call read('../../core-services/pretests/mdmsService.feature@ErrorInGetMdms') . failed

Stack Trace:
com.intuit.karate.exception.KarateException: mdmServiceGet.feature:67 - 
mdmsService.feature:78 - status code was: 403, expected: 400, response time: 120, url: https://qa.digit.org/egov-mdms-service/v1/_get?moduleName=RAINMAKER-PGR&amp;tenantId=invalid_kunqw&amp;masterName=ServiceDefs, response: {"ResponseInfo":null,"Errors":[{"code":"CustomException","description":"Not authorized to access this resource","message":"Not authorized to access this resource","params":null}]}
	at ✽.* call read('../../core-services/pretests/mdmsService.feature@ErrorInGetMdms') (mdmServiceGet.feature:67)

* assert getMdmsResponseBody.Errors[0].message == mdmsServiceConstants.errorMessages.invalidTenantId.message || getMdmsResponseBody.Errors[0].message == mdmsServiceConstants.errorMessages.invalidTenantId.messageQa . skipped
* assert getMdmsResponseBody.Errors[0].code == mdmsServiceConstants.errorMessages.invalidTenantId.code || getMdmsResponseBody.Errors[0].code == mdmsServiceConstants.errorMessages.invalidTenantId.codeQa . skipped
* def jsUtils = read('classpath:com/egov/utils/jsUtils.js') ............... passed
* def mdmsServiceConstants = read('../../core-services/constants/mdmsServiceGet.yaml') . passed
* def moduleName = mdmsServiceConstants.parameters.moduleName ............. passed
* def masterName = mdmsServiceConstants.parameters.masterName ............. passed
* def mdmsParam = {moduleName: '#(moduleName.split(",")[0])',tenantId: '#(tenantId)',masterName: '#(masterName)'} . passed
* def serviceCode = mdmsServiceConstants.expectedResponse.serviceCode ..... passed
* def keywords = mdmsServiceConstants.expectedResponse.keywords ........... passed
* def department = mdmsServiceConstants.expectedResponse.department ....... passed
* def slaHours = mdmsServiceConstants.expectedResponse.slaHours ........... passed
* def menuPath = mdmsServiceConstants.expectedResponse.menuPath ........... passed
* def active = mdmsServiceConstants.expectedResponse.active ............... passed
* def order = mdmsServiceConstants.expectedResponse.order ................. passed
* set mdmsParam.moduleName = 'invalid_'+ ranString(5) ..................... passed
* set mdmsParam.masterName = 'invalid_'+ ranString(5) ..................... passed
* call read('../../core-services/pretests/mdmsService.feature@ErrorInGetMdms') . failed

Stack Trace:
com.intuit.karate.exception.KarateException: mdmServiceGet.feature:77 - 
mdmsService.feature:78 - status code was: 200, expected: 400, response time: 110, url: https://qa.digit.org/egov-mdms-service/v1/_get?moduleName=invalid_culyz&amp;tenantId=pb.amritsar&amp;masterName=invalid_vcaod, response: {"ResponseInfo":null,"MdmsRes":{}}
	at ✽.* call read('../../core-services/pretests/mdmsService.feature@ErrorInGetMdms') (mdmServiceGet.feature:77)

* match getMdmsResponseBody.MdmsRes == {} ................................. skipped</failure>
   </testcase>
</testsuite>
